{"/home/travis/build/npmtest/node-npmtest-text-miner/test.js":{"path":"/home/travis/build/npmtest/node-npmtest-text-miner/test.js","s":{"1":2,"2":2,"3":2,"4":2,"5":2,"6":2,"7":2,"8":1,"9":2,"10":2,"11":1,"12":1,"13":1,"14":1,"15":2,"16":2,"17":2,"18":2,"19":1,"20":1,"21":2,"22":2,"23":2,"24":1,"25":1,"26":1,"27":1,"28":1,"29":1,"30":1,"31":1,"32":1,"33":1,"34":1,"35":1,"36":1,"37":1,"38":1,"39":2,"40":2,"41":1,"42":2,"43":2,"44":1,"45":2,"46":2,"47":1,"48":2,"49":2,"50":1,"51":1,"52":1,"53":1,"54":1},"b":{"1":[2,1,1,1],"2":[1,1,1,1],"3":[1,1],"4":[1,1],"5":[1,1],"6":[1,1],"7":[1,1],"8":[1,1],"9":[1,1],"10":[1,1,1],"11":[1,1],"12":[1,1],"13":[1,1],"14":[1,1],"15":[1,1],"16":[1,1],"17":[1,1]},"f":{"1":2,"2":2,"3":2,"4":2,"5":2,"6":1,"7":1,"8":1,"9":2,"10":2,"11":2,"12":2,"13":1},"fnMap":{"1":{"name":"(anonymous_1)","line":12,"loc":{"start":{"line":12,"column":1},"end":{"line":12,"column":13}}},"2":{"name":"(anonymous_2)","line":19,"loc":{"start":{"line":19,"column":5},"end":{"line":19,"column":17}}},"3":{"name":"(anonymous_3)","line":23,"loc":{"start":{"line":23,"column":24},"end":{"line":23,"column":36}}},"4":{"name":"(anonymous_4)","line":61,"loc":{"start":{"line":61,"column":5},"end":{"line":61,"column":17}}},"5":{"name":"(anonymous_5)","line":82,"loc":{"start":{"line":82,"column":5},"end":{"line":82,"column":17}}},"6":{"name":"(anonymous_6)","line":91,"loc":{"start":{"line":91,"column":77},"end":{"line":94,"column":10}}},"7":{"name":"(anonymous_7)","line":112,"loc":{"start":{"line":112,"column":83},"end":{"line":115,"column":10}},"skip":true},"8":{"name":"(anonymous_8)","line":123,"loc":{"start":{"line":123,"column":77},"end":{"line":126,"column":10}},"skip":true},"9":{"name":"(anonymous_9)","line":139,"loc":{"start":{"line":139,"column":12},"end":{"line":139,"column":40}},"skip":true},"10":{"name":"(anonymous_10)","line":147,"loc":{"start":{"line":147,"column":77},"end":{"line":150,"column":10}},"skip":true},"11":{"name":"(anonymous_11)","line":158,"loc":{"start":{"line":158,"column":83},"end":{"line":161,"column":10}},"skip":true},"12":{"name":"(anonymous_12)","line":169,"loc":{"start":{"line":169,"column":79},"end":{"line":172,"column":10}},"skip":true},"13":{"name":"(anonymous_13)","line":180,"loc":{"start":{"line":180,"column":75},"end":{"line":183,"column":10}},"skip":true}},"statementMap":{"1":{"start":{"line":12,"column":0},"end":{"line":195,"column":5}},"2":{"start":{"line":14,"column":4},"end":{"line":14,"column":14}},"3":{"start":{"line":19,"column":4},"end":{"line":56,"column":9}},"4":{"start":{"line":21,"column":8},"end":{"line":21,"column":19}},"5":{"start":{"line":23,"column":8},"end":{"line":35,"column":13}},"6":{"start":{"line":24,"column":12},"end":{"line":34,"column":13}},"7":{"start":{"line":25,"column":16},"end":{"line":28,"column":30}},"8":{"start":{"line":30,"column":16},"end":{"line":33,"column":27}},"9":{"start":{"line":37,"column":8},"end":{"line":39,"column":21}},"10":{"start":{"line":40,"column":8},"end":{"line":53,"column":9}},"11":{"start":{"line":43,"column":12},"end":{"line":46,"column":14}},"12":{"start":{"line":47,"column":12},"end":{"line":47,"column":18}},"13":{"start":{"line":50,"column":12},"end":{"line":51,"column":46}},"14":{"start":{"line":52,"column":12},"end":{"line":52,"column":18}},"15":{"start":{"line":55,"column":8},"end":{"line":55,"column":35}},"16":{"start":{"line":61,"column":4},"end":{"line":63,"column":9}},"17":{"start":{"line":62,"column":8},"end":{"line":62,"column":15}},"18":{"start":{"line":64,"column":4},"end":{"line":77,"column":5}},"19":{"start":{"line":70,"column":8},"end":{"line":70,"column":14}},"20":{"start":{"line":76,"column":8},"end":{"line":76,"column":14}},"21":{"start":{"line":82,"column":4},"end":{"line":84,"column":9}},"22":{"start":{"line":83,"column":8},"end":{"line":83,"column":15}},"23":{"start":{"line":85,"column":4},"end":{"line":194,"column":5}},"24":{"start":{"line":91,"column":8},"end":{"line":99,"column":10}},"25":{"start":{"line":98,"column":12},"end":{"line":98,"column":35}},"26":{"start":{"line":102,"column":8},"end":{"line":104,"column":63}},"27":{"start":{"line":105,"column":8},"end":{"line":105,"column":14}},"28":{"start":{"line":112,"column":8},"end":{"line":121,"column":10},"skip":true},"29":{"start":{"line":119,"column":12},"end":{"line":119,"column":55},"skip":true},"30":{"start":{"line":120,"column":12},"end":{"line":120,"column":48},"skip":true},"31":{"start":{"line":123,"column":8},"end":{"line":136,"column":10},"skip":true},"32":{"start":{"line":130,"column":12},"end":{"line":130,"column":76},"skip":true},"33":{"start":{"line":131,"column":12},"end":{"line":131,"column":73},"skip":true},"34":{"start":{"line":132,"column":12},"end":{"line":132,"column":74},"skip":true},"35":{"start":{"line":133,"column":12},"end":{"line":133,"column":79},"skip":true},"36":{"start":{"line":134,"column":12},"end":{"line":134,"column":25},"skip":true},"37":{"start":{"line":135,"column":12},"end":{"line":135,"column":45},"skip":true},"38":{"start":{"line":138,"column":8},"end":{"line":145,"column":14},"skip":true},"39":{"start":{"line":143,"column":16},"end":{"line":143,"column":29},"skip":true},"40":{"start":{"line":144,"column":16},"end":{"line":144,"column":55},"skip":true},"41":{"start":{"line":147,"column":8},"end":{"line":156,"column":10},"skip":true},"42":{"start":{"line":154,"column":12},"end":{"line":154,"column":25},"skip":true},"43":{"start":{"line":155,"column":12},"end":{"line":155,"column":45},"skip":true},"44":{"start":{"line":158,"column":8},"end":{"line":167,"column":10},"skip":true},"45":{"start":{"line":165,"column":12},"end":{"line":165,"column":25},"skip":true},"46":{"start":{"line":166,"column":12},"end":{"line":166,"column":48},"skip":true},"47":{"start":{"line":169,"column":8},"end":{"line":178,"column":10},"skip":true},"48":{"start":{"line":176,"column":12},"end":{"line":176,"column":25},"skip":true},"49":{"start":{"line":177,"column":12},"end":{"line":177,"column":46},"skip":true},"50":{"start":{"line":180,"column":8},"end":{"line":189,"column":10},"skip":true},"51":{"start":{"line":187,"column":12},"end":{"line":187,"column":94},"skip":true},"52":{"start":{"line":188,"column":12},"end":{"line":188,"column":48},"skip":true},"53":{"start":{"line":192,"column":8},"end":{"line":192,"column":35},"skip":true},"54":{"start":{"line":193,"column":8},"end":{"line":193,"column":14},"skip":true}},"branchMap":{"1":{"line":25,"type":"binary-expr","locations":[{"start":{"line":25,"column":23},"end":{"line":25,"column":62}},{"start":{"line":26,"column":20},"end":{"line":26,"column":70}},{"start":{"line":27,"column":20},"end":{"line":27,"column":71}},{"start":{"line":28,"column":20},"end":{"line":28,"column":29}}]},"2":{"line":30,"type":"binary-expr","locations":[{"start":{"line":30,"column":23},"end":{"line":30,"column":37}},{"start":{"line":31,"column":20},"end":{"line":31,"column":61}},{"start":{"line":32,"column":20},"end":{"line":32,"column":70}},{"start":{"line":33,"column":20},"end":{"line":33,"column":26}}]},"3":{"line":37,"type":"cond-expr","locations":[{"start":{"line":38,"column":14},"end":{"line":38,"column":20}},{"start":{"line":39,"column":14},"end":{"line":39,"column":20}}]},"4":{"line":40,"type":"switch","locations":[{"start":{"line":42,"column":8},"end":{"line":47,"column":18}},{"start":{"line":49,"column":8},"end":{"line":52,"column":18}}]},"5":{"line":44,"type":"binary-expr","locations":[{"start":{"line":44,"column":16},"end":{"line":44,"column":44}},{"start":{"line":44,"column":48},"end":{"line":44,"column":66}}]},"6":{"line":50,"type":"binary-expr","locations":[{"start":{"line":50,"column":21},"end":{"line":50,"column":49}},{"start":{"line":50,"column":53},"end":{"line":50,"column":72}}]},"7":{"line":64,"type":"switch","locations":[{"start":{"line":69,"column":4},"end":{"line":70,"column":14}},{"start":{"line":75,"column":4},"end":{"line":76,"column":14}}]},"8":{"line":85,"type":"switch","locations":[{"start":{"line":90,"column":4},"end":{"line":105,"column":14}},{"start":{"line":111,"column":4},"end":{"line":193,"column":14},"skip":true}]},"9":{"line":91,"type":"binary-expr","locations":[{"start":{"line":91,"column":42},"end":{"line":91,"column":73}},{"start":{"line":91,"column":77},"end":{"line":99,"column":9}}]},"10":{"line":102,"type":"binary-expr","locations":[{"start":{"line":102,"column":18},"end":{"line":102,"column":32}},{"start":{"line":103,"column":12},"end":{"line":103,"column":53}},{"start":{"line":104,"column":12},"end":{"line":104,"column":61}}]},"11":{"line":112,"type":"binary-expr","locations":[{"start":{"line":112,"column":45},"end":{"line":112,"column":79},"skip":true},{"start":{"line":112,"column":83},"end":{"line":121,"column":9},"skip":true}]},"12":{"line":123,"type":"binary-expr","locations":[{"start":{"line":123,"column":42},"end":{"line":123,"column":73},"skip":true},{"start":{"line":123,"column":77},"end":{"line":136,"column":9},"skip":true}]},"13":{"line":138,"type":"binary-expr","locations":[{"start":{"line":138,"column":48},"end":{"line":138,"column":85},"skip":true},{"start":{"line":139,"column":12},"end":{"line":145,"column":13},"skip":true}]},"14":{"line":147,"type":"binary-expr","locations":[{"start":{"line":147,"column":42},"end":{"line":147,"column":73},"skip":true},{"start":{"line":147,"column":77},"end":{"line":156,"column":9},"skip":true}]},"15":{"line":158,"type":"binary-expr","locations":[{"start":{"line":158,"column":45},"end":{"line":158,"column":79},"skip":true},{"start":{"line":158,"column":83},"end":{"line":167,"column":9},"skip":true}]},"16":{"line":169,"type":"binary-expr","locations":[{"start":{"line":169,"column":43},"end":{"line":169,"column":75},"skip":true},{"start":{"line":169,"column":79},"end":{"line":178,"column":9},"skip":true}]},"17":{"line":180,"type":"binary-expr","locations":[{"start":{"line":180,"column":41},"end":{"line":180,"column":71},"skip":true},{"start":{"line":180,"column":75},"end":{"line":189,"column":9},"skip":true}]}},"code":["/* istanbul instrument in package npmtest_text_miner */","/*jslint","    bitwise: true,","    browser: true,","    maxerr: 8,","    maxlen: 96,","    node: true,","    nomen: true,","    regexp: true,","    stupid: true","*/","(function () {","    'use strict';","    var local;","","","","    // run shared js-env code - pre-init","    (function () {","        // init local","        local = {};","        // init modeJs","        local.modeJs = (function () {","            try {","                return typeof navigator.userAgent === 'string' &&","                    typeof document.querySelector('body') === 'object' &&","                    typeof XMLHttpRequest.prototype.open === 'function' &&","                    'browser';","            } catch (errorCaughtBrowser) {","                return module.exports &&","                    typeof process.versions.node === 'string' &&","                    typeof require('http').createServer === 'function' &&","                    'node';","            }","        }());","        // init global","        local.global = local.modeJs === 'browser'","            ? window","            : global;","        switch (local.modeJs) {","        // re-init local from window.local","        case 'browser':","            local = local.global.utility2.objectSetDefault(","                local.global.utility2_rollup || local.global.local,","                local.global.utility2","            );","            break;","        // re-init local from example.js","        case 'node':","            local = (local.global.utility2_rollup || require('utility2'))","                .requireExampleJsFromReadme();","            break;","        }","        // export local","        local.global.local = local;","    }());","","","","    // run shared js-env code - function","    (function () {","        return;","    }());","    switch (local.modeJs) {","","","","    // run browser js-env code - function","    case 'browser':","        break;","","","","    // run node js-env code - function","    case 'node':","        break;","    }","","","","    // run shared js-env code - post-init","    (function () {","        return;","    }());","    switch (local.modeJs) {","","","","    // run browser js-env code - post-init","    case 'browser':","        local.testCase_browser_nullCase = local.testCase_browser_nullCase || function (","            options,","            onError","        ) {","        /*","         * this function will test browsers's null-case handling-behavior-behavior","         */","            onError(null, options);","        };","","        // run tests","        local.nop(local.modeTest &&","            document.querySelector('#testRunButton1') &&","            document.querySelector('#testRunButton1').click());","        break;","","","","    // run node js-env code - post-init","    /* istanbul ignore next */","    case 'node':","        local.testCase_buildApidoc_default = local.testCase_buildApidoc_default || function (","            options,","            onError","        ) {","        /*","         * this function will test buildApidoc's default handling-behavior-behavior","         */","            options = { modulePathList: module.paths };","            local.buildApidoc(options, onError);","        };","","        local.testCase_buildApp_default = local.testCase_buildApp_default || function (","            options,","            onError","        ) {","        /*","         * this function will test buildApp's default handling-behavior-behavior","         */","            local.testCase_buildReadme_default(options, local.onErrorThrow);","            local.testCase_buildLib_default(options, local.onErrorThrow);","            local.testCase_buildTest_default(options, local.onErrorThrow);","            local.testCase_buildCustomOrg_default(options, local.onErrorThrow);","            options = [];","            local.buildApp(options, onError);","        };","","        local.testCase_buildCustomOrg_default = local.testCase_buildCustomOrg_default ||","            function (options, onError) {","            /*","             * this function will test buildCustomOrg's default handling-behavior","             */","                options = {};","                local.buildCustomOrg(options, onError);","            };","","        local.testCase_buildLib_default = local.testCase_buildLib_default || function (","            options,","            onError","        ) {","        /*","         * this function will test buildLib's default handling-behavior","         */","            options = {};","            local.buildLib(options, onError);","        };","","        local.testCase_buildReadme_default = local.testCase_buildReadme_default || function (","            options,","            onError","        ) {","        /*","         * this function will test buildReadme's default handling-behavior-behavior","         */","            options = {};","            local.buildReadme(options, onError);","        };","","        local.testCase_buildTest_default = local.testCase_buildTest_default || function (","            options,","            onError","        ) {","        /*","         * this function will test buildTest's default handling-behavior","         */","            options = {};","            local.buildTest(options, onError);","        };","","        local.testCase_webpage_default = local.testCase_webpage_default || function (","            options,","            onError","        ) {","        /*","         * this function will test webpage's default handling-behavior","         */","            options = { modeCoverageMerge: true, url: local.serverLocalHost + '?modeTest=1' };","            local.browserTest(options, onError);","        };","","        // run test-server","        local.testRunServer(local);","        break;","    }","}());",""],"l":{"12":2,"14":2,"19":2,"21":2,"23":2,"24":2,"25":2,"30":1,"37":2,"40":2,"43":1,"47":1,"50":1,"52":1,"55":2,"61":2,"62":2,"64":2,"70":1,"76":1,"82":2,"83":2,"85":2,"91":1,"98":1,"102":1,"105":1,"112":1,"119":1,"120":1,"123":1,"130":1,"131":1,"132":1,"133":1,"134":1,"135":1,"138":1,"143":2,"144":2,"147":1,"154":2,"155":2,"158":1,"165":2,"166":2,"169":1,"176":2,"177":2,"180":1,"187":1,"188":1,"192":1,"193":1}},"/home/travis/build/npmtest/node-npmtest-text-miner/lib.npmtest_text_miner.js":{"path":"/home/travis/build/npmtest/node-npmtest-text-miner/lib.npmtest_text_miner.js","s":{"1":2,"2":2,"3":2,"4":2,"5":2,"6":2,"7":2,"8":1,"9":2,"10":2,"11":2,"12":2,"13":1,"14":1,"15":1,"16":1},"b":{"1":[2,1,1,1],"2":[1,1,1,1],"3":[1,1],"4":[2,2],"5":[1,1]},"f":{"1":2,"2":2,"3":2},"fnMap":{"1":{"name":"(anonymous_1)","line":12,"loc":{"start":{"line":12,"column":1},"end":{"line":12,"column":13}}},"2":{"name":"(anonymous_2)","line":19,"loc":{"start":{"line":19,"column":5},"end":{"line":19,"column":17}}},"3":{"name":"(anonymous_3)","line":23,"loc":{"start":{"line":23,"column":24},"end":{"line":23,"column":36}}}},"statementMap":{"1":{"start":{"line":12,"column":0},"end":{"line":53,"column":5}},"2":{"start":{"line":14,"column":4},"end":{"line":14,"column":14}},"3":{"start":{"line":19,"column":4},"end":{"line":52,"column":9}},"4":{"start":{"line":21,"column":8},"end":{"line":21,"column":19}},"5":{"start":{"line":23,"column":8},"end":{"line":35,"column":13}},"6":{"start":{"line":24,"column":12},"end":{"line":34,"column":13}},"7":{"start":{"line":25,"column":16},"end":{"line":28,"column":30}},"8":{"start":{"line":30,"column":16},"end":{"line":33,"column":27}},"9":{"start":{"line":37,"column":8},"end":{"line":39,"column":21}},"10":{"start":{"line":41,"column":8},"end":{"line":41,"column":54}},"11":{"start":{"line":43,"column":8},"end":{"line":43,"column":55}},"12":{"start":{"line":45,"column":8},"end":{"line":51,"column":9}},"13":{"start":{"line":46,"column":12},"end":{"line":46,"column":61}},"14":{"start":{"line":48,"column":12},"end":{"line":48,"column":35}},"15":{"start":{"line":49,"column":12},"end":{"line":49,"column":49}},"16":{"start":{"line":50,"column":12},"end":{"line":50,"column":43}}},"branchMap":{"1":{"line":25,"type":"binary-expr","locations":[{"start":{"line":25,"column":23},"end":{"line":25,"column":62}},{"start":{"line":26,"column":20},"end":{"line":26,"column":70}},{"start":{"line":27,"column":20},"end":{"line":27,"column":71}},{"start":{"line":28,"column":20},"end":{"line":28,"column":29}}]},"2":{"line":30,"type":"binary-expr","locations":[{"start":{"line":30,"column":23},"end":{"line":30,"column":37}},{"start":{"line":31,"column":20},"end":{"line":31,"column":61}},{"start":{"line":32,"column":20},"end":{"line":32,"column":70}},{"start":{"line":33,"column":20},"end":{"line":33,"column":26}}]},"3":{"line":37,"type":"cond-expr","locations":[{"start":{"line":38,"column":14},"end":{"line":38,"column":20}},{"start":{"line":39,"column":14},"end":{"line":39,"column":20}}]},"4":{"line":41,"type":"binary-expr","locations":[{"start":{"line":41,"column":16},"end":{"line":41,"column":44}},{"start":{"line":41,"column":48},"end":{"line":41,"column":53}}]},"5":{"line":45,"type":"if","locations":[{"start":{"line":45,"column":8},"end":{"line":45,"column":8}},{"start":{"line":45,"column":8},"end":{"line":45,"column":8}}]}},"code":["/* istanbul instrument in package npmtest_text_miner */","/*jslint","    bitwise: true,","    browser: true,","    maxerr: 8,","    maxlen: 96,","    node: true,","    nomen: true,","    regexp: true,","    stupid: true","*/","(function () {","    'use strict';","    var local;","","","","    // run shared js-env code - pre-init","    (function () {","        // init local","        local = {};","        // init modeJs","        local.modeJs = (function () {","            try {","                return typeof navigator.userAgent === 'string' &&","                    typeof document.querySelector('body') === 'object' &&","                    typeof XMLHttpRequest.prototype.open === 'function' &&","                    'browser';","            } catch (errorCaughtBrowser) {","                return module.exports &&","                    typeof process.versions.node === 'string' &&","                    typeof require('http').createServer === 'function' &&","                    'node';","            }","        }());","        // init global","        local.global = local.modeJs === 'browser'","            ? window","            : global;","        // init utility2_rollup","        local = local.global.utility2_rollup || local;","        // init lib","        local.local = local.npmtest_text_miner = local;","        // init exports","        if (local.modeJs === 'browser') {","            local.global.utility2_npmtest_text_miner = local;","        } else {","            module.exports = local;","            module.exports.__dirname = __dirname;","            module.exports.module = module;","        }","    }());","}());",""],"l":{"12":2,"14":2,"19":2,"21":2,"23":2,"24":2,"25":2,"30":1,"37":2,"41":2,"43":2,"45":2,"46":1,"48":1,"49":1,"50":1}},"/home/travis/build/npmtest/node-npmtest-text-miner/example.js":{"path":"/home/travis/build/npmtest/node-npmtest-text-miner/example.js","s":{"1":2,"2":2,"3":2,"4":2,"5":2,"6":2,"7":2,"8":1,"9":2,"10":2,"11":2,"12":2,"13":1,"14":2,"15":2,"16":2,"17":2,"18":2,"19":0,"20":2,"21":1,"22":1,"23":1,"24":1,"25":1,"26":0,"27":0,"28":1,"29":1,"30":2,"31":0,"32":0,"33":0,"34":1,"35":2,"36":2,"37":3,"38":3,"39":3,"40":3,"41":0,"42":3,"43":3,"44":3,"45":1,"46":3,"47":1,"48":1,"49":1,"50":1,"51":1,"52":1,"53":1,"54":1,"55":1,"56":1,"57":0,"58":1,"59":6,"60":6,"61":1,"62":2,"63":0,"64":2,"65":1,"66":1,"67":0,"68":0,"69":0,"70":0,"71":0,"72":0,"73":0,"74":0,"75":0,"76":0,"77":0,"78":0,"79":0,"80":0,"81":0,"82":0,"83":0},"b":{"1":[2,1,1,1],"2":[1,1,1,1],"3":[1,1],"4":[2,2],"5":[1,1],"6":[1,1],"7":[2,0],"8":[2,1,1,1,1,1],"9":[0,2,0],"10":[1,1],"11":[2,1,1],"12":[1,0],"13":[0,2],"14":[2,0,0,0,0,0,0],"15":[0,3],"16":[3,0],"17":[1,1],"18":[0,1],"19":[1,2,0,2],"20":[1,0],"21":[1,1],"22":[0,0],"23":[0,0],"24":[0,0],"25":[0,0],"26":[0,0],"27":[0,0],"28":[0,0]},"f":{"1":2,"2":2,"3":2,"4":2,"5":2,"6":2,"7":3,"8":3,"9":3,"10":1,"11":6,"12":0},"fnMap":{"1":{"name":"(anonymous_1)","line":26,"loc":{"start":{"line":26,"column":1},"end":{"line":26,"column":13}}},"2":{"name":"(anonymous_2)","line":33,"loc":{"start":{"line":33,"column":5},"end":{"line":33,"column":17}}},"3":{"name":"(anonymous_3)","line":37,"loc":{"start":{"line":37,"column":24},"end":{"line":37,"column":36}}},"4":{"name":"(anonymous_4)","line":69,"loc":{"start":{"line":69,"column":31},"end":{"line":69,"column":48}},"skip":true},"5":{"name":"(anonymous_5)","line":78,"loc":{"start":{"line":78,"column":26},"end":{"line":78,"column":45}},"skip":true},"6":{"name":"(anonymous_6)","line":123,"loc":{"start":{"line":123,"column":33},"end":{"line":123,"column":48}},"skip":true},"7":{"name":"(anonymous_7)","line":125,"loc":{"start":{"line":125,"column":27},"end":{"line":125,"column":39}},"skip":true},"8":{"name":"(anonymous_8)","line":133,"loc":{"start":{"line":133,"column":59},"end":{"line":133,"column":74}},"skip":true},"9":{"name":"(anonymous_9)","line":143,"loc":{"start":{"line":143,"column":45},"end":{"line":143,"column":62}},"skip":true},"10":{"name":"(anonymous_10)","line":144,"loc":{"start":{"line":144,"column":73},"end":{"line":144,"column":92}},"skip":true},"11":{"name":"(anonymous_11)","line":272,"loc":{"start":{"line":272,"column":51},"end":{"line":272,"column":77}},"skip":true},"12":{"name":"(anonymous_12)","line":315,"loc":{"start":{"line":315,"column":32},"end":{"line":315,"column":61}},"skip":true}},"statementMap":{"1":{"start":{"line":26,"column":0},"end":{"line":326,"column":5}},"2":{"start":{"line":28,"column":4},"end":{"line":28,"column":14}},"3":{"start":{"line":33,"column":4},"end":{"line":60,"column":9}},"4":{"start":{"line":35,"column":8},"end":{"line":35,"column":19}},"5":{"start":{"line":37,"column":8},"end":{"line":49,"column":13}},"6":{"start":{"line":38,"column":12},"end":{"line":48,"column":13}},"7":{"start":{"line":39,"column":16},"end":{"line":42,"column":30}},"8":{"start":{"line":44,"column":16},"end":{"line":47,"column":27}},"9":{"start":{"line":51,"column":8},"end":{"line":53,"column":21}},"10":{"start":{"line":55,"column":8},"end":{"line":57,"column":45}},"11":{"start":{"line":59,"column":8},"end":{"line":59,"column":35}},"12":{"start":{"line":61,"column":4},"end":{"line":325,"column":5}},"13":{"start":{"line":69,"column":8},"end":{"line":121,"column":10},"skip":true},"14":{"start":{"line":70,"column":12},"end":{"line":88,"column":13},"skip":true},"15":{"start":{"line":76,"column":16},"end":{"line":87,"column":19},"skip":true},"16":{"start":{"line":79,"column":20},"end":{"line":86,"column":21},"skip":true},"17":{"start":{"line":82,"column":24},"end":{"line":82,"column":43},"skip":true},"18":{"start":{"line":83,"column":24},"end":{"line":83,"column":30},"skip":true},"19":{"start":{"line":85,"column":24},"end":{"line":85,"column":49},"skip":true},"20":{"start":{"line":89,"column":12},"end":{"line":107,"column":13},"skip":true},"21":{"start":{"line":92,"column":16},"end":{"line":102,"column":17},"skip":true},"22":{"start":{"line":93,"column":20},"end":{"line":93,"column":86},"skip":true},"23":{"start":{"line":94,"column":20},"end":{"line":95,"column":45},"skip":true},"24":{"start":{"line":96,"column":20},"end":{"line":96,"column":42},"skip":true},"25":{"start":{"line":97,"column":20},"end":{"line":97,"column":48},"skip":true},"26":{"start":{"line":100,"column":20},"end":{"line":100,"column":85},"skip":true},"27":{"start":{"line":101,"column":20},"end":{"line":101,"column":96},"skip":true},"28":{"start":{"line":103,"column":16},"end":{"line":103,"column":22},"skip":true},"29":{"start":{"line":106,"column":16},"end":{"line":106,"column":22},"skip":true},"30":{"start":{"line":108,"column":12},"end":{"line":120,"column":13},"skip":true},"31":{"start":{"line":114,"column":16},"end":{"line":119,"column":17},"skip":true},"32":{"start":{"line":116,"column":20},"end":{"line":116,"column":78},"skip":true},"33":{"start":{"line":118,"column":20},"end":{"line":118,"column":47},"skip":true},"34":{"start":{"line":123,"column":8},"end":{"line":141,"column":11},"skip":true},"35":{"start":{"line":124,"column":12},"end":{"line":124,"column":54},"skip":true},"36":{"start":{"line":125,"column":12},"end":{"line":140,"column":14},"skip":true},"37":{"start":{"line":126,"column":16},"end":{"line":126,"column":28},"skip":true},"38":{"start":{"line":127,"column":16},"end":{"line":127,"column":69},"skip":true},"39":{"start":{"line":128,"column":16},"end":{"line":128,"column":75},"skip":true},"40":{"start":{"line":129,"column":16},"end":{"line":131,"column":17},"skip":true},"41":{"start":{"line":130,"column":20},"end":{"line":130,"column":27},"skip":true},"42":{"start":{"line":133,"column":16},"end":{"line":137,"column":36},"skip":true},"43":{"start":{"line":134,"column":20},"end":{"line":136,"column":55},"skip":true},"44":{"start":{"line":139,"column":16},"end":{"line":139,"column":57},"skip":true},"45":{"start":{"line":143,"column":8},"end":{"line":147,"column":11},"skip":true},"46":{"start":{"line":144,"column":12},"end":{"line":146,"column":15},"skip":true},"47":{"start":{"line":145,"column":16},"end":{"line":145,"column":70},"skip":true},"48":{"start":{"line":149,"column":8},"end":{"line":149,"column":31},"skip":true},"49":{"start":{"line":150,"column":8},"end":{"line":150,"column":14},"skip":true},"50":{"start":{"line":158,"column":8},"end":{"line":158,"column":31},"skip":true},"51":{"start":{"line":160,"column":8},"end":{"line":160,"column":33},"skip":true},"52":{"start":{"line":161,"column":8},"end":{"line":161,"column":37},"skip":true},"53":{"start":{"line":162,"column":8},"end":{"line":162,"column":35},"skip":true},"54":{"start":{"line":164,"column":8},"end":{"line":164,"column":50},"skip":true},"55":{"start":{"line":166,"column":8},"end":{"line":256,"column":2},"skip":true},"56":{"start":{"line":258,"column":8},"end":{"line":286,"column":9},"skip":true},"57":{"start":{"line":259,"column":12},"end":{"line":269,"column":14},"skip":true},"58":{"start":{"line":271,"column":12},"end":{"line":285,"column":19},"skip":true},"59":{"start":{"line":274,"column":20},"end":{"line":274,"column":35},"skip":true},"60":{"start":{"line":275,"column":20},"end":{"line":284,"column":21},"skip":true},"61":{"start":{"line":277,"column":24},"end":{"line":277,"column":64},"skip":true},"62":{"start":{"line":279,"column":24},"end":{"line":279,"column":40},"skip":true},"63":{"start":{"line":281,"column":24},"end":{"line":281,"column":40},"skip":true},"64":{"start":{"line":283,"column":24},"end":{"line":283,"column":39},"skip":true},"65":{"start":{"line":288,"column":8},"end":{"line":290,"column":9},"skip":true},"66":{"start":{"line":289,"column":12},"end":{"line":289,"column":18},"skip":true},"67":{"start":{"line":291,"column":8},"end":{"line":293,"column":54},"skip":true},"68":{"start":{"line":296,"column":8},"end":{"line":301,"column":37},"skip":true},"69":{"start":{"line":303,"column":8},"end":{"line":303,"column":82},"skip":true},"70":{"start":{"line":306,"column":8},"end":{"line":308,"column":9},"skip":true},"71":{"start":{"line":307,"column":12},"end":{"line":307,"column":82},"skip":true},"72":{"start":{"line":310,"column":8},"end":{"line":312,"column":9},"skip":true},"73":{"start":{"line":311,"column":12},"end":{"line":311,"column":18},"skip":true},"74":{"start":{"line":313,"column":8},"end":{"line":313,"column":54},"skip":true},"75":{"start":{"line":314,"column":8},"end":{"line":314,"column":69},"skip":true},"76":{"start":{"line":315,"column":8},"end":{"line":323,"column":36},"skip":true},"77":{"start":{"line":316,"column":12},"end":{"line":316,"column":61},"skip":true},"78":{"start":{"line":317,"column":12},"end":{"line":320,"column":13},"skip":true},"79":{"start":{"line":318,"column":16},"end":{"line":318,"column":75},"skip":true},"80":{"start":{"line":319,"column":16},"end":{"line":319,"column":23},"skip":true},"81":{"start":{"line":321,"column":12},"end":{"line":321,"column":38},"skip":true},"82":{"start":{"line":322,"column":12},"end":{"line":322,"column":27},"skip":true},"83":{"start":{"line":324,"column":8},"end":{"line":324,"column":14},"skip":true}},"branchMap":{"1":{"line":39,"type":"binary-expr","locations":[{"start":{"line":39,"column":23},"end":{"line":39,"column":62}},{"start":{"line":40,"column":20},"end":{"line":40,"column":70}},{"start":{"line":41,"column":20},"end":{"line":41,"column":71}},{"start":{"line":42,"column":20},"end":{"line":42,"column":29}}]},"2":{"line":44,"type":"binary-expr","locations":[{"start":{"line":44,"column":23},"end":{"line":44,"column":37}},{"start":{"line":45,"column":20},"end":{"line":45,"column":61}},{"start":{"line":46,"column":20},"end":{"line":46,"column":70}},{"start":{"line":47,"column":20},"end":{"line":47,"column":26}}]},"3":{"line":51,"type":"cond-expr","locations":[{"start":{"line":52,"column":14},"end":{"line":52,"column":20}},{"start":{"line":53,"column":14},"end":{"line":53,"column":20}}]},"4":{"line":55,"type":"binary-expr","locations":[{"start":{"line":55,"column":16},"end":{"line":55,"column":44}},{"start":{"line":55,"column":49},"end":{"line":57,"column":43}}]},"5":{"line":55,"type":"cond-expr","locations":[{"start":{"line":56,"column":14},"end":{"line":56,"column":54}},{"start":{"line":57,"column":14},"end":{"line":57,"column":43}}]},"6":{"line":61,"type":"switch","locations":[{"start":{"line":68,"column":4},"end":{"line":150,"column":14},"skip":true},{"start":{"line":156,"column":4},"end":{"line":324,"column":14},"skip":true}]},"7":{"line":70,"type":"if","locations":[{"start":{"line":70,"column":12},"end":{"line":70,"column":12},"skip":true},{"start":{"line":70,"column":12},"end":{"line":70,"column":12},"skip":true}]},"8":{"line":70,"type":"binary-expr","locations":[{"start":{"line":70,"column":16},"end":{"line":70,"column":22},"skip":true},{"start":{"line":70,"column":27},"end":{"line":70,"column":32},"skip":true},{"start":{"line":71,"column":20},"end":{"line":71,"column":39},"skip":true},{"start":{"line":72,"column":20},"end":{"line":72,"column":49},"skip":true},{"start":{"line":73,"column":20},"end":{"line":73,"column":58},"skip":true},{"start":{"line":74,"column":20},"end":{"line":74,"column":69},"skip":true}]},"9":{"line":79,"type":"switch","locations":[{"start":{"line":80,"column":20},"end":{"line":80,"column":33},"skip":true},{"start":{"line":81,"column":20},"end":{"line":83,"column":30},"skip":true},{"start":{"line":84,"column":20},"end":{"line":85,"column":49},"skip":true}]},"10":{"line":89,"type":"switch","locations":[{"start":{"line":90,"column":12},"end":{"line":103,"column":22},"skip":true},{"start":{"line":105,"column":12},"end":{"line":106,"column":22},"skip":true}]},"11":{"line":89,"type":"binary-expr","locations":[{"start":{"line":89,"column":20},"end":{"line":89,"column":25},"skip":true},{"start":{"line":89,"column":29},"end":{"line":89,"column":48},"skip":true},{"start":{"line":89,"column":52},"end":{"line":89,"column":74},"skip":true}]},"12":{"line":92,"type":"if","locations":[{"start":{"line":92,"column":16},"end":{"line":92,"column":16},"skip":true},{"start":{"line":92,"column":16},"end":{"line":92,"column":16},"skip":true}]},"13":{"line":108,"type":"if","locations":[{"start":{"line":108,"column":12},"end":{"line":108,"column":12},"skip":true},{"start":{"line":108,"column":12},"end":{"line":108,"column":12},"skip":true}]},"14":{"line":108,"type":"binary-expr","locations":[{"start":{"line":108,"column":16},"end":{"line":108,"column":61},"skip":true},{"start":{"line":108,"column":66},"end":{"line":108,"column":72},"skip":true},{"start":{"line":108,"column":77},"end":{"line":108,"column":82},"skip":true},{"start":{"line":109,"column":20},"end":{"line":109,"column":39},"skip":true},{"start":{"line":110,"column":20},"end":{"line":110,"column":49},"skip":true},{"start":{"line":111,"column":20},"end":{"line":111,"column":58},"skip":true},{"start":{"line":112,"column":20},"end":{"line":112,"column":68},"skip":true}]},"15":{"line":129,"type":"if","locations":[{"start":{"line":129,"column":16},"end":{"line":129,"column":16},"skip":true},{"start":{"line":129,"column":16},"end":{"line":129,"column":16},"skip":true}]},"16":{"line":134,"type":"cond-expr","locations":[{"start":{"line":135,"column":26},"end":{"line":135,"column":29},"skip":true},{"start":{"line":136,"column":26},"end":{"line":136,"column":54},"skip":true}]},"17":{"line":164,"type":"binary-expr","locations":[{"start":{"line":164,"column":27},"end":{"line":164,"column":43},"skip":true},{"start":{"line":164,"column":47},"end":{"line":164,"column":49},"skip":true}]},"18":{"line":258,"type":"if","locations":[{"start":{"line":258,"column":8},"end":{"line":258,"column":8},"skip":true},{"start":{"line":258,"column":8},"end":{"line":258,"column":8},"skip":true}]},"19":{"line":275,"type":"switch","locations":[{"start":{"line":276,"column":20},"end":{"line":277,"column":64},"skip":true},{"start":{"line":278,"column":20},"end":{"line":279,"column":40},"skip":true},{"start":{"line":280,"column":20},"end":{"line":281,"column":40},"skip":true},{"start":{"line":282,"column":20},"end":{"line":283,"column":39},"skip":true}]},"20":{"line":288,"type":"if","locations":[{"start":{"line":288,"column":8},"end":{"line":288,"column":8},"skip":true},{"start":{"line":288,"column":8},"end":{"line":288,"column":8},"skip":true}]},"21":{"line":288,"type":"binary-expr","locations":[{"start":{"line":288,"column":12},"end":{"line":288,"column":40},"skip":true},{"start":{"line":288,"column":44},"end":{"line":288,"column":67},"skip":true}]},"22":{"line":292,"type":"binary-expr","locations":[{"start":{"line":292,"column":12},"end":{"line":292,"column":50},"skip":true},{"start":{"line":293,"column":12},"end":{"line":293,"column":53},"skip":true}]},"23":{"line":297,"type":"binary-expr","locations":[{"start":{"line":297,"column":12},"end":{"line":297,"column":68},"skip":true},{"start":{"line":298,"column":12},"end":{"line":301,"column":36},"skip":true}]},"24":{"line":303,"type":"binary-expr","locations":[{"start":{"line":303,"column":43},"end":{"line":303,"column":75},"skip":true},{"start":{"line":303,"column":79},"end":{"line":303,"column":81},"skip":true}]},"25":{"line":306,"type":"if","locations":[{"start":{"line":306,"column":8},"end":{"line":306,"column":8},"skip":true},{"start":{"line":306,"column":8},"end":{"line":306,"column":8},"skip":true}]},"26":{"line":310,"type":"if","locations":[{"start":{"line":310,"column":8},"end":{"line":310,"column":8},"skip":true},{"start":{"line":310,"column":8},"end":{"line":310,"column":8},"skip":true}]},"27":{"line":313,"type":"binary-expr","locations":[{"start":{"line":313,"column":27},"end":{"line":313,"column":43},"skip":true},{"start":{"line":313,"column":47},"end":{"line":313,"column":53},"skip":true}]},"28":{"line":317,"type":"if","locations":[{"start":{"line":317,"column":12},"end":{"line":317,"column":12},"skip":true},{"start":{"line":317,"column":12},"end":{"line":317,"column":12},"skip":true}]}},"code":["/*","example.js","","quickstart example","","instruction","    1. save this script as example.js","    2. run the shell command:","        $ npm install npmtest-text-miner && PORT=8081 node example.js","    3. play with the browser-demo on http://127.0.0.1:8081","*/","","","","/* istanbul instrument in package npmtest_text_miner */","/*jslint","    bitwise: true,","    browser: true,","    maxerr: 8,","    maxlen: 96,","    node: true,","    nomen: true,","    regexp: true,","    stupid: true","*/","(function () {","    'use strict';","    var local;","","","","    // run shared js-env code - pre-init","    (function () {","        // init local","        local = {};","        // init modeJs","        local.modeJs = (function () {","            try {","                return typeof navigator.userAgent === 'string' &&","                    typeof document.querySelector('body') === 'object' &&","                    typeof XMLHttpRequest.prototype.open === 'function' &&","                    'browser';","            } catch (errorCaughtBrowser) {","                return module.exports &&","                    typeof process.versions.node === 'string' &&","                    typeof require('http').createServer === 'function' &&","                    'node';","            }","        }());","        // init global","        local.global = local.modeJs === 'browser'","            ? window","            : global;","        // init utility2_rollup","        local = local.global.utility2_rollup || (local.modeJs === 'browser'","            ? local.global.utility2_npmtest_text_miner","            : global.utility2_moduleExports);","        // export local","        local.global.local = local;","    }());","    switch (local.modeJs) {","","","","    // post-init","    // run browser js-env code - post-init","    /* istanbul ignore next */","    case 'browser':","        local.testRunBrowser = function (event) {","            if (!event || (event &&","                    event.currentTarget &&","                    event.currentTarget.className &&","                    event.currentTarget.className.includes &&","                    event.currentTarget.className.includes('onreset'))) {","                // reset output","                Array.from(","                    document.querySelectorAll('body > .resettable')","                ).forEach(function (element) {","                    switch (element.tagName) {","                    case 'INPUT':","                    case 'TEXTAREA':","                        element.value = '';","                        break;","                    default:","                        element.textContent = '';","                    }","                });","            }","            switch (event && event.currentTarget && event.currentTarget.id) {","            case 'testRunButton1':","                // show tests","                if (document.querySelector('#testReportDiv1').style.display === 'none') {","                    document.querySelector('#testReportDiv1').style.display = 'block';","                    document.querySelector('#testRunButton1').textContent =","                        'hide internal test';","                    local.modeTest = true;","                    local.testRunDefault(local);","                // hide tests","                } else {","                    document.querySelector('#testReportDiv1').style.display = 'none';","                    document.querySelector('#testRunButton1').textContent = 'run internal test';","                }","                break;","            // custom-case","            default:","                break;","            }","            if (document.querySelector('#inputTextareaEval1') && (!event || (event &&","                    event.currentTarget &&","                    event.currentTarget.className &&","                    event.currentTarget.className.includes &&","                    event.currentTarget.className.includes('oneval')))) {","                // try to eval input-code","                try {","                    /*jslint evil: true*/","                    eval(document.querySelector('#inputTextareaEval1').value);","                } catch (errorCaught) {","                    console.error(errorCaught);","                }","            }","        };","        // log stderr and stdout to #outputTextareaStdout1","        ['error', 'log'].forEach(function (key) {","            console[key + '_original'] = console[key];","            console[key] = function () {","                var element;","                console[key + '_original'].apply(console, arguments);","                element = document.querySelector('#outputTextareaStdout1');","                if (!element) {","                    return;","                }","                // append text to #outputTextareaStdout1","                element.value += Array.from(arguments).map(function (arg) {","                    return typeof arg === 'string'","                        ? arg","                        : JSON.stringify(arg, null, 4);","                }).join(' ') + '\\n';","                // scroll textarea to bottom","                element.scrollTop = element.scrollHeight;","            };","        });","        // init event-handling","        ['change', 'click', 'keyup'].forEach(function (event) {","            Array.from(document.querySelectorAll('.on' + event)).forEach(function (element) {","                element.addEventListener(event, local.testRunBrowser);","            });","        });","        // run tests","        local.testRunBrowser();","        break;","","","","    // run node js-env code - post-init","    /* istanbul ignore next */","    case 'node':","        // export local","        module.exports = local;","        // require modules","        local.fs = require('fs');","        local.http = require('http');","        local.url = require('url');","        // init assets","        local.assetsDict = local.assetsDict || {};","        /* jslint-ignore-begin */","        local.assetsDict['/assets.index.template.html'] = '\\","<!doctype html>\\n\\","<html lang=\"en\">\\n\\","<head>\\n\\","<meta charset=\"UTF-8\">\\n\\","<meta name=\"viewport\" content=\"width=device-width, initial-scale=1\">\\n\\","<title>{{env.npm_package_name}} (v{{env.npm_package_version}})</title>\\n\\","<style>\\n\\","/*csslint\\n\\","    box-sizing: false,\\n\\","    universal-selector: false\\n\\","*/\\n\\","* {\\n\\","    box-sizing: border-box;\\n\\","}\\n\\","body {\\n\\","    background: #dde;\\n\\","    font-family: Arial, Helvetica, sans-serif;\\n\\","    margin: 2rem;\\n\\","}\\n\\","body > * {\\n\\","    margin-bottom: 1rem;\\n\\","}\\n\\",".utility2FooterDiv {\\n\\","    margin-top: 20px;\\n\\","    text-align: center;\\n\\","}\\n\\","</style>\\n\\","<style>\\n\\","/*csslint\\n\\","*/\\n\\","textarea {\\n\\","    font-family: monospace;\\n\\","    height: 10rem;\\n\\","    width: 100%;\\n\\","}\\n\\","textarea[readonly] {\\n\\","    background: #ddd;\\n\\","}\\n\\","</style>\\n\\","</head>\\n\\","<body>\\n\\","<!-- utility2-comment\\n\\","<div id=\"ajaxProgressDiv1\" style=\"background: #d00; height: 2px; left: 0; margin: 0; padding: 0; position: fixed; top: 0; transition: background 0.5s, width 1.5s; width: 25%;\"></div>\\n\\","utility2-comment -->\\n\\","<h1>\\n\\","<!-- utility2-comment\\n\\","    <a\\n\\","        {{#if env.npm_package_homepage}}\\n\\","        href=\"{{env.npm_package_homepage}}\"\\n\\","        {{/if env.npm_package_homepage}}\\n\\","        target=\"_blank\"\\n\\","    >\\n\\","utility2-comment -->\\n\\","        {{env.npm_package_name}} (v{{env.npm_package_version}})\\n\\","<!-- utility2-comment\\n\\","    </a>\\n\\","utility2-comment -->\\n\\","</h1>\\n\\","<h3>{{env.npm_package_description}}</h3>\\n\\","<!-- utility2-comment\\n\\","<h4><a download href=\"assets.app.js\">download standalone app</a></h4>\\n\\","<button class=\"onclick onreset\" id=\"testRunButton1\">run internal test</button><br>\\n\\","<div id=\"testReportDiv1\" style=\"display: none;\"></div>\\n\\","utility2-comment -->\\n\\","\\n\\","\\n\\","\\n\\","<label>stderr and stdout</label>\\n\\","<textarea class=\"resettable\" id=\"outputTextareaStdout1\" readonly></textarea>\\n\\","<!-- utility2-comment\\n\\","{{#if isRollup}}\\n\\","<script src=\"assets.app.js\"></script>\\n\\","{{#unless isRollup}}\\n\\","utility2-comment -->\\n\\","<script src=\"assets.utility2.rollup.js\"></script>\\n\\","<script src=\"jsonp.utility2._stateInit?callback=window.utility2._stateInit\"></script>\\n\\","<script src=\"assets.npmtest_text_miner.rollup.js\"></script>\\n\\","<script src=\"assets.example.js\"></script>\\n\\","<script src=\"assets.test.js\"></script>\\n\\","<!-- utility2-comment\\n\\","{{/if isRollup}}\\n\\","utility2-comment -->\\n\\","<div class=\"utility2FooterDiv\">\\n\\","    [ this app was created with\\n\\","    <a href=\"https://github.com/kaizhu256/node-utility2\" target=\"_blank\">utility2</a>\\n\\","    ]\\n\\","</div>\\n\\","</body>\\n\\","</html>\\n\\","';","        /* jslint-ignore-end */","        if (local.templateRender) {","            local.assetsDict['/'] = local.templateRender(","                local.assetsDict['/assets.index.template.html'],","                {","                    env: local.objectSetDefault(local.env, {","                        npm_package_description: 'the greatest app in the world!',","                        npm_package_name: 'my-app',","                        npm_package_nameAlias: 'my_app',","                        npm_package_version: '0.0.1'","                    })","                }","            );","        } else {","            local.assetsDict['/'] = local.assetsDict['/assets.index.template.html']","                .replace((/\\{\\{env\\.(\\w+?)\\}\\}/g), function (match0, match1) {","                    // jslint-hack","                    String(match0);","                    switch (match1) {","                    case 'npm_package_description':","                        return 'the greatest app in the world!';","                    case 'npm_package_name':","                        return 'my-app';","                    case 'npm_package_nameAlias':","                        return 'my_app';","                    case 'npm_package_version':","                        return '0.0.1';","                    }","                });","        }","        // run the cli","        if (local.global.utility2_rollup || module !== require.main) {","            break;","        }","        local.assetsDict['/assets.example.js'] =","            local.assetsDict['/assets.example.js'] ||","            local.fs.readFileSync(__filename, 'utf8');","        // bug-workaround - long $npm_package_buildCustomOrg","        /* jslint-ignore-begin */","        local.assetsDict['/assets.npmtest_text_miner.rollup.js'] =","            local.assetsDict['/assets.npmtest_text_miner.rollup.js'] ||","            local.fs.readFileSync(","                local.npmtest_text_miner.__dirname + '/lib.npmtest_text_miner.js',","                'utf8'","            ).replace((/^#!/), '//');","        /* jslint-ignore-end */","        local.assetsDict['/favicon.ico'] = local.assetsDict['/favicon.ico'] || '';","        // if $npm_config_timeout_exit exists,","        // then exit this process after $npm_config_timeout_exit ms","        if (Number(process.env.npm_config_timeout_exit)) {","            setTimeout(process.exit, Number(process.env.npm_config_timeout_exit));","        }","        // start server","        if (local.global.utility2_serverHttp1) {","            break;","        }","        process.env.PORT = process.env.PORT || '8081';","        console.error('server starting on port ' + process.env.PORT);","        local.http.createServer(function (request, response) {","            request.urlParsed = local.url.parse(request.url);","            if (local.assetsDict[request.urlParsed.pathname] !== undefined) {","                response.end(local.assetsDict[request.urlParsed.pathname]);","                return;","            }","            response.statusCode = 404;","            response.end();","        }).listen(process.env.PORT);","        break;","    }","}());",""],"l":{"26":2,"28":2,"33":2,"35":2,"37":2,"38":2,"39":2,"44":1,"51":2,"55":2,"59":2,"61":2,"69":1,"70":2,"76":2,"79":2,"82":2,"83":2,"85":1,"89":2,"92":1,"93":1,"94":1,"96":1,"97":1,"100":1,"101":1,"103":1,"106":1,"108":2,"114":1,"116":1,"118":1,"123":1,"124":2,"125":2,"126":3,"127":3,"128":3,"129":3,"130":1,"133":3,"134":3,"139":3,"143":1,"144":3,"145":1,"149":1,"150":1,"158":1,"160":1,"161":1,"162":1,"164":1,"166":1,"258":1,"259":1,"271":1,"274":6,"275":6,"277":1,"279":2,"281":1,"283":2,"288":1,"289":1,"291":1,"296":1,"303":1,"306":1,"307":1,"310":1,"311":1,"313":1,"314":1,"315":1,"316":1,"317":1,"318":1,"319":1,"321":1,"322":1,"324":1}},"/home/travis/build/npmtest/node-npmtest-text-miner/node_modules/text-miner/src/text-miner.js":{"path":"/home/travis/build/npmtest/node-npmtest-text-miner/node_modules/text-miner/src/text-miner.js","s":{"1":1},"b":{},"f":{},"fnMap":{},"statementMap":{"1":{"start":{"line":1,"column":0},"end":{"line":8,"column":2}}},"branchMap":{},"code":["module.exports = {","\t'contractions' : require(\"./contractions.js\"),","\t'Corpus': require(\"./corpus.js\"),","\t'Terms': require(\"./dtm.js\"),","\t'weightTfIdf': require(\"./weightTfIdf.js\"),","\t'utils': require(\"./utils.js\"),","\t'STOPWORDS': require(\"./stopwords.js\"),","};",""],"l":{"1":1}},"/home/travis/build/npmtest/node-npmtest-text-miner/node_modules/text-miner/src/contractions.js":{"path":"/home/travis/build/npmtest/node-npmtest-text-miner/node_modules/text-miner/src/contractions.js","s":{"1":1,"2":1},"b":{},"f":{},"fnMap":{},"statementMap":{"1":{"start":{"line":5,"column":0},"end":{"line":123,"column":2}},"2":{"start":{"line":128,"column":0},"end":{"line":128,"column":30}}},"branchMap":{},"code":["'use strict';","","// CONTRACTIONS //","","var CONTRACTIONS = {","\t\t\"ain't\": [\"am not\", \"are not\", \"is not\", \"has not\",\"have not\"],","\t\t\"aren't\": [\"are no\", \"am not\"],","\t\t\"can't\": [\"cannot\"],","\t\t\"can't've\": [\"cannot have\"],","\t\t\"'cause\": [\"because\"],","\t\t\"could've\": [\"could have\"],","\t\t\"couldn't\": [\"could not\"],","\t\t\"couldn't've\": [\"could not have\"],","\t\t\"didn't\": [\"did not\"],","\t\t\"doesn't\": [\"does not\"],","\t\t\"don't\": [\"do not\"],","\t\t\"hadn't\": [\"had not\"],","\t\t\"hadn't've\": [\"had not have\"],","\t\t\"hasn't\": [\"has not\"],","\t\t\"haven't\": [\"have not\"],","\t\t\"he'd\": [\"he had\",\"he would\"],","\t\t\"he'd've\": [\"he would have\"],","\t\t\"he'll\": [\"he shall\",\"he will\"],","\t\t\"he'll've\": [\"he shall have\",\"he will have\"],","\t\t\"he's\": [\"he has\",\"he is\"],","\t\t\"how'd\": [\"how did\"],","\t\t\"how'd'y\": [\"how do you\"],","\t\t\"how'll\": [\"how will\"],","\t\t\"how's\": [\"how has\",\"how is\", \"how does\"],","\t\t\"I'd\": [\"I had\",\"I would\"],","\t\t\"I'd've\": [\"I would have\"],","\t\t\"I'll\": [\"I shall\",\"I will\"],","\t\t\"I'll've\": [\"I shall have\",\"I will have\"],","\t\t\"I'm\": [\"I am\"],","\t\t\"I've\": [\"I have\"],","\t\t\"isn't\": [\"is not\"],","\t\t\"it'd\": [\"it had\",\"it would\"],","\t\t\"it'd've\": [\"it would have\"],","\t\t\"it'll\": [\"it shall\",\"it will\"],","\t\t\"it'll've\": [\"it shall have\",\"it will have\"],","\t\t\"it's\": [\"it has\",\"it is\"],","\t\t\"let's\": [\"let us\"],","\t\t\"ma'am\": [\"madam\"],","\t\t\"mayn't\": [\"may not\"],","\t\t\"might've\": [\"might have\"],","\t\t\"mightn't\": [\"might not\"],","\t\t\"mightn't've\": [\"might not have\"],","\t\t\"must've\": [\"must have\"],","\t\t\"mustn't\": [\"must not\"],","\t\t\"mustn't've\": [\"must not have\"],","\t\t\"needn't\": [\"need not\"],","\t\t\"needn't've\": [\"need not have\"],","\t\t\"o'clock\": [\"of the clock\"],","\t\t\"oughtn't\": [\"ought not\"],","\t\t\"oughtn't've\": [\"ought not have\"],","\t\t\"shan't\": [\"shall not\"],","\t\t\"sha'n't\": [\"shall not\"],","\t\t\"shan't've\": [\"shall not have\"],","\t\t\"she'd\": [\"she had\",\"she would\"],","\t\t\"she'd've\": [\"she would have\"],","\t\t\"she'll\": [\"she shall\",\"she will\"],","\t\t\"she'll've\": [\"she shall have\",\"she will have\"],","\t\t\"she's\": [\"she has\",\"she is\"],","\t\t\"should've\": [\"should have\"],","\t\t\"shouldn't\": [\"should not\"],","\t\t\"shouldn't've\": [\"should not have\"],","\t\t\"so've\": [\"so have\"],","\t\t\"so's\": [\"so as\",\"so is\"],","\t\t\"that'd\": [\"that would\",\"that had\"],","\t\t\"that'd've\": [\"that would have\"],","\t\t\"that's\": [\"that has\",\"that is\"],","\t\t\"there'd\": [\"there had\",\"there would\"],","\t\t\"there'd've\": [\"there would have\"],","\t\t\"there's\": [\"there has\",\"there is\"],","\t\t\"they'd\": [\"they had\",\"they would\"],","\t\t\"they'd've\": [\"they would have\"],","\t\t\"they'll\": [\"they shall\",\"they will\"],","\t\t\"they'll've\": [\"they shall have\",\"they will have\"],","\t\t\"they're\": [\"they are\"],","\t\t\"they've\": [\"they have\"],","\t\t\"to've\": [\"to have\"],","\t\t\"wasn't\": [\"was not\"],","\t\t\"we'd\": [\"we had\",\"we would\"],","\t\t\"we'd've\": [\"we would have\"],","\t\t\"we'll\": [\"we will\"],","\t\t\"we'll've\": [\"we will have\"],","\t\t\"we're\": [\"we are\"],","\t\t\"we've\": [\"we have\"],","\t\t\"weren't\": [\"were not\"],","\t\t\"what'll\": [\"what shall\",\"what will\"],","\t\t\"what'll've\": [\"what shall have\",\"what will have\"],","\t\t\"what're\": [\"what are\"],","\t\t\"what's\": [\"what has\",\"what is\"],","\t\t\"what've\": [\"what have\"],","\t\t\"when's\": [\"when has\",\"when is\"],","\t\t\"when've\": [\"when have\"],","\t\t\"where'd\": [\"where did\"],","\t\t\"where's\": [\"where has\",\"where is\"],","\t\t\"where've\": [\"where have\"],","\t\t\"who'll\": [\"who shall\",\"who will\"],","\t\t\"who'll've\": [\"who shall have\",\"who will have\"],","\t\t\"who's\": [\"who has\",\"who is\"],","\t\t\"who've\": [\"who have\"],","\t\t\"why's\": [\"why has\",\"why is\"],","\t\t\"why've\": [\"why have\"],","\t\t\"will've\": [\"will have\"],","\t\t\"won't\": [\"will not\"],","\t\t\"won't've\": [\"will not have\"],","\t\t\"would've\": [\"would have\"],","\t\t\"wouldn't\": [\"would not\"],","\t\t\"wouldn't've\": [\"would not have\"],","\t\t\"y'all\": [\"you all\"],","\t\t\"y'all'd\": [\"you all would\"],","\t\t\"y'all'd've\": [\"you all would have\"],","\t\t\"y'all're\": [\"you all are\"],","\t\t\"y'all've\": [\"you all have\"],","\t\t\"you'd\": [\"you had\",\"you would\"],","\t\t\"you'd've\": [\"you would have\"],","\t\t\"you'll\": [\"you shall\",\"you will\"],","\t\t\"you'll've\": [\"you shall have\",\"you will have\"],","\t\t\"you're\": [\"you are\"],","\t\t\"you've\": [\"you have\"]","};","","","// EXPORTS //","","module.exports = CONTRACTIONS;",""],"l":{"5":1,"128":1}},"/home/travis/build/npmtest/node-npmtest-text-miner/node_modules/text-miner/src/corpus.js":{"path":"/home/travis/build/npmtest/node-npmtest-text-miner/node_modules/text-miner/src/corpus.js","s":{"1":1,"2":1,"3":1,"4":1,"5":1,"6":1,"7":0,"8":0,"9":0,"10":0,"11":0,"12":0,"13":0,"14":0,"15":0,"16":0,"17":0,"18":0,"19":0,"20":0,"21":0,"22":0,"23":0,"24":0,"25":0,"26":0,"27":0,"28":0,"29":0,"30":0,"31":0,"32":0,"33":0,"34":0,"35":0,"36":0,"37":0,"38":0,"39":0,"40":0,"41":0,"42":0,"43":0,"44":0,"45":0,"46":0,"47":0,"48":0,"49":0,"50":0,"51":0,"52":0,"53":0,"54":0,"55":0,"56":0,"57":0,"58":0,"59":0,"60":0,"61":0,"62":0,"63":0,"64":0,"65":0,"66":0,"67":0,"68":0,"69":0,"70":0,"71":0,"72":0,"73":0,"74":0,"75":0,"76":0,"77":0,"78":0,"79":0,"80":0,"81":0,"82":0,"83":0,"84":0,"85":0,"86":0,"87":0,"88":1},"b":{"1":[0,0],"2":[0,0],"3":[0,0],"4":[0,0],"5":[0,0],"6":[0,0],"7":[0,0],"8":[0,0],"9":[0,0],"10":[0,0],"11":[0,0],"12":[0,0]},"f":{"1":0,"2":0,"3":0,"4":0,"5":0,"6":0,"7":0,"8":0,"9":0,"10":0,"11":0,"12":0,"13":0,"14":0,"15":0,"16":0,"17":0,"18":0,"19":0,"20":0,"21":0,"22":0,"23":0,"24":0,"25":0,"26":0,"27":0},"fnMap":{"1":{"name":"Corpus","line":23,"loc":{"start":{"line":23,"column":0},"end":{"line":23,"column":24}}},"2":{"name":"(anonymous_2)","line":44,"loc":{"start":{"line":44,"column":57},"end":{"line":44,"column":70}}},"3":{"name":"addDoc","line":55,"loc":{"start":{"line":55,"column":15},"end":{"line":55,"column":38}}},"4":{"name":"addDocs","line":64,"loc":{"start":{"line":64,"column":16},"end":{"line":64,"column":41}}},"5":{"name":"(anonymous_5)","line":65,"loc":{"start":{"line":65,"column":49},"end":{"line":65,"column":62}}},"6":{"name":"clean","line":75,"loc":{"start":{"line":75,"column":14},"end":{"line":75,"column":31}}},"7":{"name":"(anonymous_7)","line":76,"loc":{"start":{"line":76,"column":38},"end":{"line":76,"column":51}}},"8":{"name":"trim","line":82,"loc":{"start":{"line":82,"column":13},"end":{"line":82,"column":29}}},"9":{"name":"(anonymous_9)","line":83,"loc":{"start":{"line":83,"column":38},"end":{"line":83,"column":51}}},"10":{"name":"inspect","line":89,"loc":{"start":{"line":89,"column":16},"end":{"line":89,"column":48}}},"11":{"name":"(anonymous_11)","line":94,"loc":{"start":{"line":94,"column":26},"end":{"line":94,"column":49}}},"12":{"name":"toLower","line":101,"loc":{"start":{"line":101,"column":16},"end":{"line":101,"column":35}}},"13":{"name":"(anonymous_13)","line":102,"loc":{"start":{"line":102,"column":38},"end":{"line":102,"column":51}}},"14":{"name":"toUpper","line":108,"loc":{"start":{"line":108,"column":16},"end":{"line":108,"column":35}}},"15":{"name":"(anonymous_15)","line":109,"loc":{"start":{"line":109,"column":38},"end":{"line":109,"column":51}}},"16":{"name":"stem","line":115,"loc":{"start":{"line":115,"column":13},"end":{"line":115,"column":35}}},"17":{"name":"(anonymous_17)","line":116,"loc":{"start":{"line":116,"column":38},"end":{"line":116,"column":51}}},"18":{"name":"map","line":126,"loc":{"start":{"line":126,"column":12},"end":{"line":126,"column":32}}},"19":{"name":"removeWords","line":131,"loc":{"start":{"line":131,"column":20},"end":{"line":131,"column":68}}},"20":{"name":"removeInterpunctuation","line":144,"loc":{"start":{"line":144,"column":31},"end":{"line":144,"column":65}}},"21":{"name":"(anonymous_21)","line":145,"loc":{"start":{"line":145,"column":38},"end":{"line":145,"column":51}}},"22":{"name":"removeNewlines","line":151,"loc":{"start":{"line":151,"column":23},"end":{"line":151,"column":49}}},"23":{"name":"(anonymous_23)","line":152,"loc":{"start":{"line":152,"column":38},"end":{"line":152,"column":51}}},"24":{"name":"removeDigits","line":158,"loc":{"start":{"line":158,"column":21},"end":{"line":158,"column":45}}},"25":{"name":"(anonymous_25)","line":159,"loc":{"start":{"line":159,"column":38},"end":{"line":159,"column":51}}},"26":{"name":"removeInvalidCharacters","line":165,"loc":{"start":{"line":165,"column":32},"end":{"line":165,"column":67}}},"27":{"name":"(anonymous_27)","line":166,"loc":{"start":{"line":166,"column":38},"end":{"line":166,"column":51}}}},"statementMap":{"1":{"start":{"line":3,"column":0},"end":{"line":3,"column":33}},"2":{"start":{"line":6,"column":0},"end":{"line":6,"column":39}},"3":{"start":{"line":9,"column":0},"end":{"line":9,"column":27}},"4":{"start":{"line":12,"column":0},"end":{"line":12,"column":47}},"5":{"start":{"line":14,"column":0},"end":{"line":14,"column":19}},"6":{"start":{"line":23,"column":0},"end":{"line":172,"column":1}},"7":{"start":{"line":26,"column":1},"end":{"line":28,"column":2}},"8":{"start":{"line":27,"column":2},"end":{"line":27,"column":33}},"9":{"start":{"line":31,"column":1},"end":{"line":33,"column":2}},"10":{"start":{"line":32,"column":2},"end":{"line":32,"column":12}},"11":{"start":{"line":35,"column":1},"end":{"line":37,"column":2}},"12":{"start":{"line":36,"column":2},"end":{"line":36,"column":26}},"13":{"start":{"line":39,"column":1},"end":{"line":39,"column":17}},"14":{"start":{"line":41,"column":1},"end":{"line":49,"column":2}},"15":{"start":{"line":42,"column":2},"end":{"line":42,"column":25}},"16":{"start":{"line":43,"column":2},"end":{"line":43,"column":24}},"17":{"start":{"line":44,"column":8},"end":{"line":49,"column":2}},"18":{"start":{"line":45,"column":2},"end":{"line":45,"column":33}},"19":{"start":{"line":46,"column":2},"end":{"line":46,"column":24}},"20":{"start":{"line":48,"column":2},"end":{"line":48,"column":64}},"21":{"start":{"line":52,"column":1},"end":{"line":52,"column":16}},"22":{"start":{"line":55,"column":1},"end":{"line":62,"column":3}},"23":{"start":{"line":56,"column":2},"end":{"line":61,"column":3}},"24":{"start":{"line":57,"column":3},"end":{"line":57,"column":28}},"25":{"start":{"line":60,"column":3},"end":{"line":60,"column":54}},"26":{"start":{"line":64,"column":1},"end":{"line":72,"column":3}},"27":{"start":{"line":65,"column":2},"end":{"line":71,"column":3}},"28":{"start":{"line":66,"column":3},"end":{"line":66,"column":34}},"29":{"start":{"line":68,"column":3},"end":{"line":68,"column":48}},"30":{"start":{"line":70,"column":3},"end":{"line":70,"column":64}},"31":{"start":{"line":75,"column":1},"end":{"line":80,"column":3}},"32":{"start":{"line":76,"column":2},"end":{"line":78,"column":5}},"33":{"start":{"line":77,"column":3},"end":{"line":77,"column":23}},"34":{"start":{"line":79,"column":2},"end":{"line":79,"column":14}},"35":{"start":{"line":82,"column":1},"end":{"line":87,"column":3}},"36":{"start":{"line":83,"column":2},"end":{"line":85,"column":5}},"37":{"start":{"line":84,"column":3},"end":{"line":84,"column":22}},"38":{"start":{"line":86,"column":2},"end":{"line":86,"column":14}},"39":{"start":{"line":89,"column":1},"end":{"line":99,"column":3}},"40":{"start":{"line":90,"column":2},"end":{"line":92,"column":3}},"41":{"start":{"line":91,"column":3},"end":{"line":91,"column":21}},"42":{"start":{"line":93,"column":2},"end":{"line":93,"column":20}},"43":{"start":{"line":94,"column":2},"end":{"line":98,"column":5}},"44":{"start":{"line":95,"column":3},"end":{"line":95,"column":42}},"45":{"start":{"line":96,"column":3},"end":{"line":96,"column":49}},"46":{"start":{"line":97,"column":3},"end":{"line":97,"column":53}},"47":{"start":{"line":101,"column":1},"end":{"line":106,"column":3}},"48":{"start":{"line":102,"column":2},"end":{"line":104,"column":5}},"49":{"start":{"line":103,"column":3},"end":{"line":103,"column":28}},"50":{"start":{"line":105,"column":2},"end":{"line":105,"column":14}},"51":{"start":{"line":108,"column":1},"end":{"line":113,"column":3}},"52":{"start":{"line":109,"column":2},"end":{"line":111,"column":5}},"53":{"start":{"line":110,"column":3},"end":{"line":110,"column":28}},"54":{"start":{"line":112,"column":2},"end":{"line":112,"column":14}},"55":{"start":{"line":115,"column":1},"end":{"line":124,"column":3}},"56":{"start":{"line":116,"column":2},"end":{"line":122,"column":5}},"57":{"start":{"line":117,"column":3},"end":{"line":121,"column":4}},"58":{"start":{"line":118,"column":4},"end":{"line":118,"column":46}},"59":{"start":{"line":120,"column":4},"end":{"line":120,"column":43}},"60":{"start":{"line":123,"column":2},"end":{"line":123,"column":14}},"61":{"start":{"line":126,"column":1},"end":{"line":129,"column":3}},"62":{"start":{"line":127,"column":2},"end":{"line":127,"column":43}},"63":{"start":{"line":128,"column":2},"end":{"line":128,"column":14}},"64":{"start":{"line":131,"column":1},"end":{"line":142,"column":3}},"65":{"start":{"line":132,"column":2},"end":{"line":138,"column":3}},"66":{"start":{"line":133,"column":3},"end":{"line":137,"column":4}},"67":{"start":{"line":134,"column":4},"end":{"line":134,"column":48}},"68":{"start":{"line":135,"column":4},"end":{"line":135,"column":67}},"69":{"start":{"line":136,"column":4},"end":{"line":136,"column":69}},"70":{"start":{"line":140,"column":2},"end":{"line":140,"column":15}},"71":{"start":{"line":141,"column":2},"end":{"line":141,"column":14}},"72":{"start":{"line":144,"column":1},"end":{"line":149,"column":3}},"73":{"start":{"line":145,"column":2},"end":{"line":147,"column":5}},"74":{"start":{"line":146,"column":3},"end":{"line":146,"column":43}},"75":{"start":{"line":148,"column":2},"end":{"line":148,"column":14}},"76":{"start":{"line":151,"column":1},"end":{"line":156,"column":3}},"77":{"start":{"line":152,"column":2},"end":{"line":154,"column":5}},"78":{"start":{"line":153,"column":3},"end":{"line":153,"column":40}},"79":{"start":{"line":155,"column":2},"end":{"line":155,"column":14}},"80":{"start":{"line":158,"column":1},"end":{"line":163,"column":3}},"81":{"start":{"line":159,"column":2},"end":{"line":161,"column":5}},"82":{"start":{"line":160,"column":3},"end":{"line":160,"column":32}},"83":{"start":{"line":162,"column":2},"end":{"line":162,"column":14}},"84":{"start":{"line":165,"column":1},"end":{"line":170,"column":3}},"85":{"start":{"line":166,"column":2},"end":{"line":168,"column":5}},"86":{"start":{"line":167,"column":3},"end":{"line":167,"column":37}},"87":{"start":{"line":169,"column":2},"end":{"line":169,"column":14}},"88":{"start":{"line":177,"column":0},"end":{"line":177,"column":24}}},"branchMap":{"1":{"line":26,"type":"if","locations":[{"start":{"line":26,"column":1},"end":{"line":26,"column":1}},{"start":{"line":26,"column":1},"end":{"line":26,"column":1}}]},"2":{"line":31,"type":"if","locations":[{"start":{"line":31,"column":1},"end":{"line":31,"column":1}},{"start":{"line":31,"column":1},"end":{"line":31,"column":1}}]},"3":{"line":35,"type":"if","locations":[{"start":{"line":35,"column":1},"end":{"line":35,"column":1}},{"start":{"line":35,"column":1},"end":{"line":35,"column":1}}]},"4":{"line":41,"type":"if","locations":[{"start":{"line":41,"column":1},"end":{"line":41,"column":1}},{"start":{"line":41,"column":1},"end":{"line":41,"column":1}}]},"5":{"line":44,"type":"if","locations":[{"start":{"line":44,"column":8},"end":{"line":44,"column":8}},{"start":{"line":44,"column":8},"end":{"line":44,"column":8}}]},"6":{"line":44,"type":"binary-expr","locations":[{"start":{"line":44,"column":13},"end":{"line":44,"column":41}},{"start":{"line":44,"column":45},"end":{"line":45,"column":36}}]},"7":{"line":56,"type":"if","locations":[{"start":{"line":56,"column":2},"end":{"line":56,"column":2}},{"start":{"line":56,"column":2},"end":{"line":56,"column":2}}]},"8":{"line":65,"type":"if","locations":[{"start":{"line":65,"column":2},"end":{"line":65,"column":2}},{"start":{"line":65,"column":2},"end":{"line":65,"column":2}}]},"9":{"line":65,"type":"binary-expr","locations":[{"start":{"line":65,"column":6},"end":{"line":65,"column":34}},{"start":{"line":65,"column":38},"end":{"line":67,"column":4}}]},"10":{"line":90,"type":"if","locations":[{"start":{"line":90,"column":2},"end":{"line":90,"column":2}},{"start":{"line":90,"column":2},"end":{"line":90,"column":2}}]},"11":{"line":117,"type":"if","locations":[{"start":{"line":117,"column":3},"end":{"line":117,"column":3}},{"start":{"line":117,"column":3},"end":{"line":117,"column":3}}]},"12":{"line":134,"type":"cond-expr","locations":[{"start":{"line":134,"column":37},"end":{"line":134,"column":41}},{"start":{"line":134,"column":44},"end":{"line":134,"column":47}}]}},"code":["'use strict';","","var _  = require( 'underscore' );","","// Import Underscore.string to separate object, because there are conflict functions (include, reverse, contains)","_.str = require( 'underscore.string' );","","// Mix in non-conflict functions to Underscore namespace if you want","_.mixin( _.str.exports() );","","// All functions, include conflict, will be available through _.str object","_.str.include( 'Underscore.string', 'string' ); // => true","","var natural = null;","","/**","* FUNCTION Corpus( [docs] )","*\tCreate a corpus of documents.","*","* @constructor","* @param {String|Array} docs - string representing a single document or an array of documents","*/","function Corpus( docs ) {","","\t// load natural module","\tif ( !natural ) {","\t\tnatural = require( 'natural' );","\t}","","\t// if nothing passed, treat docs as empty array","\tif ( docs === undefined ) {","\t\tdocs = [];","\t}","","\tif ( !( this instanceof Corpus ) ) {","\t\treturn new Corpus(docs);","\t}","","\tvar self = this;","","\tif ( typeof docs === \"string\" ) {","\t\tdocs = new Array(docs);","\t\tthis.documents = docs;","\t} else if ( Array.isArray(docs) === true && docs.every( function(doc){","\t\treturn typeof doc === \"string\";} ) ) {","\t\tthis.documents = docs;","\t} else {","\t\tthrow new TypeError(\"Constructor expects array of documents\");","\t}","","\t// hold meta information for documents","\tthis.meta = [];","","\t// adds new document to Corpus","\tthis.addDoc = function addDoc( doc ) {","\t\tif (typeof doc === \"string\"){","\t\t\tself.documents.push(doc);","\t\t}","\t\telse {","\t\t\tthrow new TypeError(\"Argument has to be a string\");","\t\t}","\t};","","\tthis.addDocs = function addDocs( docs ) {","\t\tif (Array.isArray(docs) === true && docs.every(function(doc){","\t\t\treturn typeof doc === \"string\";","\t\t})){","\t\t\tself.documents = self.documents.concat(docs);","\t\t} else {","\t\t\tthrow new TypeError(\"Parameter expects an array of strings\");","\t\t}","\t};","","\t// strips extra whitespace from docs","\tthis.clean = function clean() {","\t\tself.documents = self.documents.map(function(doc){","\t\t\treturn _.clean(doc);","\t\t});","\t\treturn self;","\t};","","\tthis.trim = function trim() {","\t\tself.documents = this.documents.map(function(doc){","\t\t\treturn _.trim(doc);","\t\t});","\t\treturn self;","\t};","","\tthis.inspect = function inspect( truncLength ) {","\t\tif ( truncLength === undefined ){","\t\t\ttruncLength = 200;","\t\t}","\t\ttruncLength = 200;","\t\tself.documents.forEach( function( doc, index ) {","\t\t\tconsole.log(\"Document \" + index + \":\");","\t\t\tconsole.log( _(doc).truncate( truncLength ) );","\t\t\tconsole.log(\"\\u2500 \\u2500 \\u2500 \\u2500 \\u2500\");","\t\t});","\t};","","\tthis.toLower = function toLower() {","\t\tself.documents = self.documents.map(function(doc){","\t\t\treturn doc.toLowerCase();","\t\t});","\t\treturn self;","\t};","","\tthis.toUpper = function toUpper() {","\t\tself.documents = self.documents.map(function(doc){","\t\t\treturn doc.toUpperCase();","\t\t});","\t\treturn self;","\t};","","\tthis.stem = function stem( type ) {","\t\tself.documents = self.documents.map(function(doc){","\t\t\tif( type === \"Lancaster\" ) {","\t\t\t\treturn natural.LancasterStemmer.stem(doc);","\t\t\t} else {","\t\t\t\treturn natural.PorterStemmer.stem(doc);","\t\t\t}","\t\t});","\t\treturn self;","\t};","","\tthis.map = function map( FUN ) {","\t\tself.documents = this.documents.map(FUN);","\t\treturn self;","\t};","","\tthis.removeWords = function removeWords( words, case_insensitive ) {","\t\tfor ( var doc = 0; doc < self.documents.length; doc++ ) {","\t\t\tfor ( var i = 0; i < words.length; i++ ) {","\t\t\t\tvar options = case_insensitive ? \"gi\" : \"g\";","\t\t\t\tvar myRegExp = new RegExp( \"\\\\b\" + words[i] + \"\\\\b\", options );","\t\t\t\tself.documents[doc] = self.documents[doc].replace( myRegExp,\"\" );","\t\t\t}","\t\t}","\t\t// Clean the newly created extra whitespace...","\t\tself.clean();","\t\treturn self;","\t};","","\tthis.removeInterpunctuation = function removeInterpunctuation() {","\t\tself.documents = self.documents.map(function(doc){","\t\t\treturn doc.replace(/[\\!\\?\\.,;-]/g, \" \");","\t\t});","\t\treturn self;","\t};","","\tthis.removeNewlines = function removeNewlines() {","\t\tself.documents = self.documents.map(function(doc){","\t\t\treturn doc.replace(/\\r?\\n|\\r/g, \" \");","\t\t});","\t\treturn self;","\t};","","\tthis.removeDigits = function removeDigits() {","\t\tself.documents = self.documents.map(function(doc){","\t\t\treturn doc.replace(/\\d/g,\"\");","\t\t});","\t\treturn self;","\t};","","\tthis.removeInvalidCharacters = function removeInvalidCharacters() {","\t\tself.documents = self.documents.map(function(doc){","\t\t\treturn doc.replace(/\\uFFFD/g, '');","\t\t});","\t\treturn self;","\t};","","} // end FUNCTION Corpus()","","","// EXPORTS //","","module.exports = Corpus;",""],"l":{"3":1,"6":1,"9":1,"12":1,"14":1,"23":1,"26":0,"27":0,"31":0,"32":0,"35":0,"36":0,"39":0,"41":0,"42":0,"43":0,"44":0,"45":0,"46":0,"48":0,"52":0,"55":0,"56":0,"57":0,"60":0,"64":0,"65":0,"66":0,"68":0,"70":0,"75":0,"76":0,"77":0,"79":0,"82":0,"83":0,"84":0,"86":0,"89":0,"90":0,"91":0,"93":0,"94":0,"95":0,"96":0,"97":0,"101":0,"102":0,"103":0,"105":0,"108":0,"109":0,"110":0,"112":0,"115":0,"116":0,"117":0,"118":0,"120":0,"123":0,"126":0,"127":0,"128":0,"131":0,"132":0,"133":0,"134":0,"135":0,"136":0,"140":0,"141":0,"144":0,"145":0,"146":0,"148":0,"151":0,"152":0,"153":0,"155":0,"158":0,"159":0,"160":0,"162":0,"165":0,"166":0,"167":0,"169":0,"177":1}},"/home/travis/build/npmtest/node-npmtest-text-miner/node_modules/text-miner/src/dtm.js":{"path":"/home/travis/build/npmtest/node-npmtest-text-miner/node_modules/text-miner/src/dtm.js","s":{"1":1,"2":1,"3":0,"4":0,"5":0,"6":0,"7":0,"8":0,"9":0,"10":0,"11":0,"12":0,"13":0,"14":0,"15":0,"16":0,"17":0,"18":1,"19":0,"20":0,"21":0,"22":0,"23":0,"24":0,"25":0,"26":0,"27":0,"28":0,"29":1,"30":0,"31":0,"32":0,"33":0,"34":0,"35":0,"36":0,"37":0,"38":0,"39":0,"40":0,"41":0,"42":0,"43":0,"44":0,"45":0,"46":0,"47":0,"48":0,"49":0,"50":0,"51":0,"52":0,"53":0,"54":0,"55":0,"56":0,"57":0,"58":0,"59":0,"60":0,"61":0,"62":0,"63":0,"64":0,"65":0,"66":0,"67":0,"68":0,"69":0,"70":0,"71":0,"72":0,"73":0,"74":0,"75":0,"76":0,"77":0,"78":1},"b":{"1":[0,0],"2":[0,0],"3":[0,0],"4":[0,0],"5":[0,0],"6":[0,0],"7":[0,0],"8":[0,0],"9":[0,0]},"f":{"1":0,"2":0,"3":0,"4":0,"5":0,"6":0,"7":0,"8":0,"9":0,"10":0,"11":0,"12":0,"13":0},"fnMap":{"1":{"name":"Terms","line":17,"loc":{"start":{"line":17,"column":0},"end":{"line":17,"column":25}}},"2":{"name":"(anonymous_2)","line":29,"loc":{"start":{"line":29,"column":7},"end":{"line":29,"column":18}}},"3":{"name":"(anonymous_3)","line":36,"loc":{"start":{"line":36,"column":7},"end":{"line":36,"column":18}}},"4":{"name":"(anonymous_4)","line":42,"loc":{"start":{"line":42,"column":19},"end":{"line":42,"column":30}}},"5":{"name":"_processDoc","line":53,"loc":{"start":{"line":53,"column":1},"end":{"line":53,"column":29}}},"6":{"name":"_wordFreq","line":72,"loc":{"start":{"line":72,"column":1},"end":{"line":72,"column":33}}},"7":{"name":"(anonymous_7)","line":73,"loc":{"start":{"line":73,"column":30},"end":{"line":73,"column":46}}},"8":{"name":"(anonymous_8)","line":76,"loc":{"start":{"line":76,"column":33},"end":{"line":76,"column":50}}},"9":{"name":"(anonymous_9)","line":82,"loc":{"start":{"line":82,"column":22},"end":{"line":82,"column":36}}},"10":{"name":"(anonymous_10)","line":94,"loc":{"start":{"line":94,"column":45},"end":{"line":94,"column":61}}},"11":{"name":"(anonymous_11)","line":100,"loc":{"start":{"line":100,"column":26},"end":{"line":100,"column":46}}},"12":{"name":"(anonymous_12)","line":133,"loc":{"start":{"line":133,"column":18},"end":{"line":133,"column":34}}},"13":{"name":"(anonymous_13)","line":139,"loc":{"start":{"line":139,"column":13},"end":{"line":139,"column":35}}}},"statementMap":{"1":{"start":{"line":5,"column":0},"end":{"line":5,"column":32}},"2":{"start":{"line":17,"column":0},"end":{"line":154,"column":1}},"3":{"start":{"line":19,"column":1},"end":{"line":21,"column":2}},"4":{"start":{"line":20,"column":2},"end":{"line":20,"column":27}},"5":{"start":{"line":23,"column":1},"end":{"line":23,"column":17}},"6":{"start":{"line":25,"column":1},"end":{"line":25,"column":22}},"7":{"start":{"line":26,"column":1},"end":{"line":26,"column":15}},"8":{"start":{"line":28,"column":1},"end":{"line":33,"column":4}},"9":{"start":{"line":30,"column":3},"end":{"line":30,"column":26}},"10":{"start":{"line":35,"column":1},"end":{"line":40,"column":4}},"11":{"start":{"line":37,"column":3},"end":{"line":37,"column":33}},"12":{"start":{"line":42,"column":1},"end":{"line":51,"column":3}},"13":{"start":{"line":43,"column":2},"end":{"line":49,"column":3}},"14":{"start":{"line":44,"column":3},"end":{"line":48,"column":4}},"15":{"start":{"line":45,"column":4},"end":{"line":47,"column":5}},"16":{"start":{"line":46,"column":5},"end":{"line":46,"column":29}},"17":{"start":{"line":50,"column":2},"end":{"line":50,"column":14}},"18":{"start":{"line":53,"column":1},"end":{"line":70,"column":2}},"19":{"start":{"line":55,"column":2},"end":{"line":55,"column":35}},"20":{"start":{"line":56,"column":2},"end":{"line":56,"column":17}},"21":{"start":{"line":58,"column":2},"end":{"line":68,"column":3}},"22":{"start":{"line":59,"column":3},"end":{"line":59,"column":35}},"23":{"start":{"line":60,"column":3},"end":{"line":60,"column":55}},"24":{"start":{"line":62,"column":3},"end":{"line":67,"column":4}},"25":{"start":{"line":63,"column":5},"end":{"line":63,"column":42}},"26":{"start":{"line":65,"column":5},"end":{"line":65,"column":39}},"27":{"start":{"line":66,"column":5},"end":{"line":66,"column":42}},"28":{"start":{"line":69,"column":2},"end":{"line":69,"column":23}},"29":{"start":{"line":72,"column":1},"end":{"line":80,"column":2}},"30":{"start":{"line":73,"column":2},"end":{"line":75,"column":5}},"31":{"start":{"line":74,"column":3},"end":{"line":74,"column":30}},"32":{"start":{"line":76,"column":2},"end":{"line":78,"column":5}},"33":{"start":{"line":77,"column":3},"end":{"line":77,"column":16}},"34":{"start":{"line":79,"column":2},"end":{"line":79,"column":18}},"35":{"start":{"line":82,"column":1},"end":{"line":98,"column":3}},"36":{"start":{"line":83,"column":2},"end":{"line":83,"column":21}},"37":{"start":{"line":84,"column":2},"end":{"line":92,"column":3}},"38":{"start":{"line":85,"column":3},"end":{"line":85,"column":32}},"39":{"start":{"line":86,"column":3},"end":{"line":86,"column":16}},"40":{"start":{"line":87,"column":3},"end":{"line":87,"column":33}},"41":{"start":{"line":88,"column":3},"end":{"line":88,"column":25}},"42":{"start":{"line":89,"column":3},"end":{"line":91,"column":4}},"43":{"start":{"line":90,"column":4},"end":{"line":90,"column":24}},"44":{"start":{"line":94,"column":2},"end":{"line":96,"column":5}},"45":{"start":{"line":95,"column":3},"end":{"line":95,"column":19}},"46":{"start":{"line":97,"column":2},"end":{"line":97,"column":25}},"47":{"start":{"line":100,"column":1},"end":{"line":131,"column":3}},"48":{"start":{"line":102,"column":2},"end":{"line":102,"column":29}},"49":{"start":{"line":103,"column":2},"end":{"line":114,"column":3}},"50":{"start":{"line":104,"column":3},"end":{"line":104,"column":19}},"51":{"start":{"line":105,"column":3},"end":{"line":110,"column":4}},"52":{"start":{"line":106,"column":4},"end":{"line":106,"column":26}},"53":{"start":{"line":107,"column":4},"end":{"line":109,"column":5}},"54":{"start":{"line":108,"column":5},"end":{"line":108,"column":15}},"55":{"start":{"line":111,"column":3},"end":{"line":113,"column":4}},"56":{"star
[...]
":2871}},"5":{"start":{"line":13,"column":0},"end":{"line":13,"column":3194}},"6":{"start":{"line":18,"column":0},"end":{"line":18,"column":37}}},"branchMap":{},"code":["'use strict';","","// STOPWORS //","","var STOPWORDS = {};","","STOPWORDS.DE = [\"a\",\"ab\",\"aber\",\"aber\",\"ach\",\"acht\",\"achte\",\"achten\",\"achter\",\"achtes\",\"ag\",\"alle\",\"allein\",\"allem\",\"allen\",\"aller\",\"allerdings\",\"alles\",\"allgemeinen\",\"als\",\"als\",\"also\",\"am\",\"an\",\"andere\",\"anderen\",\"andern\",\"anders\",\"au\",\"auch\",\"auch\",\"auf\",\"aus\",\"ausser\",\"außer\",\"ausserdem\",\"außerdem\",\"b\",\"bald\",\"bei\",\"beide\",\"beiden\",\"beim\",\"beispiel\",\"bekannt\",\"bereits\",\"besonders\",\"besser\",\"besten\",\"bin\",\"bis\",\"bisher\",\"bist\",\"c\",\"d\",\"da\",\"dabei\",\"dadurch\",\"dafür\",\"dagegen\",\"daher\",\"dahin\",\"dahinter\",\"damals\",\"damit\",\"danach\",\"daneben\",\"dank\",\"dann\",\"daran\",\"darauf\",\"daraus\",\"darf\",\"darfst\",\"darin\",\"darüber\",\"darum\",\"darunter\",\"das\",\"das\",\"dasein\",\"daselbst\",\"dass\",\"daß\",\"dasselbe\",\"davon\",\"davor\",\"dazu\",\"dazwischen\",\"dein\",\"deine\",\"deinem\",\"deiner\",\"dem\",\"dementsprechend\",\"demgegenüber\",\"demgemäss\",\"demgemäß\",\"demselben\",\"demzufolge\",\"den\",\"denen\",\"denn\",\"denn\",\"denselben\",\"der\",\"deren\",\"derjenige\",\"derjenigen\",\"dermassen\",\"dermaßen\",\"derselbe\",\"derselben\",\"des\",\"deshalb\",\"desselben\",\"dessen\",\"deswegen\",\"d.h\",\"dich\",\"die\",\"diejenige\",\"diejenigen\",\"dies\",\"diese\",\"dieselbe\",\"dieselben\",\"diesem\",\"diesen\",\"dieser\",\"dieses\",\"dir\",\"doch\",\"dort\",\"drei\",\"drin\",\"dritte\",\"dritten\",\"dritter\",\"drittes\",\"du\",\"durch\",\"durchaus\",\"dürfen\",\"dürft\",\"durfte\",\"durften\",\"e\",\"eben\",\"ebenso\",\"ehrlich\",\"ei\",\"ei,\",\"ei,\",\"eigen\",\"eigene\",\"eigenen\",\"eigener\",\"eigenes\",\"ein\",\"einander\",\"eine\",\"einem\",\"einen\",\"einer\",\"eines\",\"einige\",\"einigen\",\"einiger\",\"einiges\",\"einmal\",\"einmal\",\"eins\",\"elf\",\"en\",\"ende\",\"endlich\",\"entweder\",\"entweder\",\"er\",\"Ernst\",\"erst\",\"erste\",\"ersten\",\"erster\",\"erstes\",\"es\",\"etwa\",\"etwas\",\"euch\",\"f\",\"früher\",\"fünf\",\"fünfte\",\"fünften\",\"fünfter\",\"fünftes\",\"für\",\"g\",\"gab\",\"ganz\",\"ganze\",\"ganzen\",\"ganzer\",\"ganzes\",\"gar\",\"gedurft\",\"gegen\",\"gegenüber\",\"gehabt\",\"gehen\",\"geht\",\"gekannt\",\"gekonnt\",\"gemacht\",\"gemocht\",\"gemusst\",\"genug\",\"gerade\",\"gern\",\"gesagt\",\"gesagt\",\"geschweige\",\"gewesen\",\"gewollt\",\"geworden\",\"gibt\",\"ging\",\"gleich\",\"gott\",\"gross\",\"groß\",\"grosse\",\"große\",\"grossen\",\"großen\",\"grosser\",\"großer\",\"grosses\",\"großes\",\"gut\",\"gute\",\"guter\",\"gutes\",\"h\",\"habe\",\"haben\",\"habt\",\"hast\",\"hat\",\"hatte\",\"hätte\",\"hatten\",\"hätten\",\"heisst\",\"her\",\"heute\",\"hier\",\"hin\",\"hinter\",\"hoch\",\"i\",\"ich\",\"ihm\",\"ihn\",\"ihnen\",\"ihr\",\"ihre\",\"ihrem\",\"ihren\",\"ihrer\",\"ihres\",\"im\",\"im\",\"immer\",\"in\",\"in\",\"indem\",\"infolgedessen\",\"ins\",\"irgend\",\"ist\",\"j\",\"ja\",\"ja\",\"jahr\",\"jahre\",\"jahren\",\"je\",\"jede\",\"jedem\",\"jeden\",\"jeder\",\"jedermann\",\"jedermanns\",\"jedoch\",\"jemand\",\"jemandem\",\"jemanden\",\"jene\",\"jenem\",\"jenen\",\"jener\",\"jenes\",\"jetzt\",\"k\",\"kam\",\"kann\",\"kannst\",\"kaum\",\"kein\",\"keine\",\"keinem\",\"keinen\",\"keiner\",\"kleine\",\"kleinen\",\"kleiner\",\"kleines\",\"kommen\",\"kommt\",\"können\",\"könnt\",\"konnte\",\"könnte\",\"konnten\",\"kurz\",\"l\",\"lang\",\"lange\",\"lange\",\"leicht\",\"leide\",\"lieber\",\"los\",\"m\",\"machen\",\"macht\",\"machte\",\"mag\",\"magst\",\"mahn\",\"man\",\"manche\",\"manchem\",\"manchen\",\"mancher\",\"manches\",\"mann\",\"mehr\",\"mein\",\"meine\",\"meinem\",\"meinen\",\"meiner\",\"meines\",\"mensch\",\"menschen\",\"mich\",\"mir\",\"mit\",\"mittel\",\"mochte\",\"möchte\",\"mochten\",\"mögen\",\"möglich\",\"mögt\",\"morgen\",\"muss\",\"muß\",\"müssen\",\"musst\",\"müsst\",\"musste\",\"mussten\",\"n\",\"na\",\"nach\",\"nachdem\",\"nahm\",\"natürlich\",\"neben\",\"nein\",\"neue\",\"neuen\",\"neun\",\"neunte\",\"neunten\",\"neunter\",\"neuntes\",\"nicht\",\"nicht\",\"nichts\",\"nie\",\"niemand\",\"niemandem\",\"niemanden\",\"noch\",\"nun\",\"nun\",\"nur\",\"o\",\"ob\",\"ob\",\"oben\",\"oder\",\"oder\",\"offen\",\"oft\",\"oft\",\"ohne\",\"Ordnung\",\"p\",\"q\",\"r\",\"recht\",\"rechte\",\"rechten\",\"rechter\",\"rechtes\",\"richtig\",\"rund\",\"s\",\"sa\",\"sache\",\"sagt\",\"sagte\",\"sah\",\"satt\",\"schlecht\",\"Schluss\",\"schon\",\"sechs\",\"sechste\",\"sechsten\",\"sechster\",\"sechstes\",\"sehr\",\"sei\",\"sei\",\"seid\",\"seien\",\"sein\",\"seine\",\"seinem\",\"seinen\",\"seiner\",\"seines\",\"seit\",\"seitdem\",\"selbst\",\"selbst\",\"sich\",\"sie\",\"sieben\",\"siebente\",\"siebenten\",\"siebenter\",\"siebentes\",\"sind\",\"so\",\"solang\",\"solche\",\"solchem\",\"solchen\",\"solcher\",\"solches\",\"soll\",\"sollen\",\"sollte\",\"sollten\",\"sondern\",\"sonst\",\"sowie\",\"später\",\"statt\",\"t\",\"tag\",\"tage\",\"tagen\",\"tat\",\"teil\",\"tel\",\"tritt\",\"trotzdem\",\"tun\",\"u\",\"über\",\"überhaupt\",\"übrigens\",\"uhr\",\"um\",\"und\",\"und?\",\"uns\",\"unser\",\"unsere\",\"unserer\",\"unter\",\"v\",\"vergangenen\",\"viel\",\"viele\",\"vielem\",\"vielen\",\"vielleicht\",\"vier\",\"vierte\",\"vierten\",\"vierter\",\"viertes\",\"vom\",\"von\",\"vor\",\"w\",\"wahr?\",\"während\",\"währenddem\",\"währenddessen\",\"wann\",\"war\",\"wäre\",\"waren\",\"wart\",\"warum\",\"was\",\"wegen\",\"weil\",\"weit\",\"weiter\",\"weitere\",\"weiteren\",\"weiteres\",\"welche\",\"welchem\",\"welchen\",\"welcher\",\"welches\",\"wem\",\"wen\",\"wenig\",\"wenig\",\"wenige\",\"weniger\",\"weniges\",\"wenigstens\",\"wenn\",\"wenn\",\"wer\",\"werde\",\"werden\",\"werdet\",\"wessen\",\"wie\",\"wie\",\"wieder\",\"will\",\"willst\",\"wir\",\"wird\",\"wirklich\",\"wirst\",\"wo\",\"wohl\",\"wollen\",\"wollt\",\"wollte\",\"wollten\",\"worden\",\"wurde\",\"würde\",\"wurden\",\"würden\",\"x\",\"y\",\"z\",\"z.b\",\"zehn\",\"zehnte\",\"zehnten\",\"zehnter\",\"zehntes\",\"zeit\",\"zu\",\"zuerst\",\"zugleich\",\"zum\",\"zum\",\"zunächst\",\"zur\",\"zurück\",\"zusammen\",\"zwanzig\",\"zwar\",\"zwar\",\"zwei\",\"zweite\",\"zweiten\",\"zweiter\",\"zweites\",\"zwischen\",\"zwölf\"];","","STOPWORDS.EN = [\"a\",\"a's\",\"able\",\"about\",\"above\",\"according\",\"accordingly\",\"across\",\"actually\",\"after\",\"afterwards\",\"again\",\"against\",\"ain't\",\"all\",\"allow\",\"allows\",\"almost\",\"alone\",\"along\",\"already\",\"also\",\"although\",\"always\",\"am\",\"among\",\"amongst\",\"an\",\"and\",\"another\",\"any\",\"anybody\",\"anyhow\",\"anyone\",\"anything\",\"anyway\",\"anyways\",\"anywhere\",\"apart\",\"appear\",\"appreciate\",\"appropriate\",\"are\",\"aren't\",\"around\",\"as\",\"aside\",\"ask\",\"asking\",\"associated\",\"at\",\"available\",\"away\",\"awfully\",\"b\",\"be\",\"became\",\"because\",\"become\",\"becomes\",\"becoming\",\"been\",\"before\",\"beforehand\",\"behind\",\"being\",\"believe\",\"below\",\"beside\",\"besides\",\"best\",\"better\",\"between\",\"beyond\",\"both\",\"brief\",\"but\",\"by\",\"c\",\"c'mon\",\"c's\",\"came\",\"can\",\"can't\",\"cannot\",\"cant\",\"cause\",\"causes\",\"certain\",\"certainly\",\"changes\",\"clearly\",\"co\",\"com\",\"come\",\"comes\",\"concerning\",\"consequently\",\"consider\",\"considering\",\"contain\",\"containing\",\"contains\",\"corresponding\",\"could\",\"couldn't\",\"course\",\"currently\",\"d\",\"definitely\",\"described\",\"despite\",\"did\",\"didn't\",\"different\",\"do\",\"does\",\"doesn't\",\"doing\",\"don't\",\"done\",\"down\",\"downwards\",\"during\",\"e\",\"each\",\"edu\",\"eg\",\"eight\",\"either\",\"else\",\"elsewhere\",\"enough\",\"entirely\",\"especially\",\"et\",\"etc\",\"even\",\"ever\",\"every\",\"everybody\",\"everyone\",\"everything\",\"everywhere\",\"ex\",\"exactly\",\"example\",\"except\",\"f\",\"far\",\"few\",\"fifth\",\"first\",\"five\",\"followed\",\"following\",\"follows\",\"for\",\"former\",\"formerly\",\"forth\",\"four\",\"from\",\"further\",\"furthermore\",\"g\",\"get\",\"gets\",\"getting\",\"given\",\"gives\",\"go\",\"goes\",\"going\",\"gone\",\"got\",\"gotten\",\"greetings\",\"h\",\"had\",\"hadn't\",\"happens\",\"hardly\",\"has\",\"hasn't\",\"have\",\"haven't\",\"having\",\"he\",\"he's\",\"hello\",\"help\",\"hence\",\"her\",\"here\",\"here's\",\"hereafter\",\"hereby\",\"herein\",\"hereupon\",\"hers\",\"herself\",\"hi\",\"him\",\"himself\",\"his\",\"hither\",\"hopefully\",\"how\",\"howbeit\",\"however\",\"i\",\"i'd\",\"i'll\",\"i'm\",\"i've\",\"ie\",\"if\",\"ignored\",\"immediate\",\"in\",\"inasmuch\",\"inc\",\"indeed\",\"indicate\",\"indicated\",\"indicates\",\"inner\",\"insofar\",\"instead\",\"into\",\"inward\",\"is\",\"isn't\",\"it\",\"it'd\",\"it'll\",\"it's\",\"its\",\"itself\",\"j\",\"just\",\"k\",\"keep\",\"keeps\",\"kept\",\"know\",\"knows\",\"known\",\"l\",\"last\",\"lately\",\"later\",\"latter\",\"latterly\",\"least\",\"less\",\"lest\",\"let\",\"let's\",\"like\",\"liked\",\"likely\",\"little\",\"look\",\"looking\",\"looks\",\"ltd\",\"m\",\"mainly\",\"many\",\"may\",\"maybe\",\"me\",\"mean\",\"meanwhile\",\"merely\",\"might\",\"more\",\"moreover\",\"most\",\"mostly\",\"much\",\"must\",\"my\",\"myself\",\"n\",\"name\",\"namely\",\"nd\",\"near\",\"nearly\",\"necessary\",\"need\",\"needs\",\"neither\",\"never\",\"nevertheless\",\"new\",\"next\",\"nine\",\"no\",\"nobody\",\"non\",\"none\",\"noone\",\"nor\",\"normally\",\"not\",\"nothing\",\"novel\",\"now\",\"nowhere\",\"o\",\"obviously\",\"of\",\"off\",\"often\",\"oh\",\"ok\",\"okay\",\"old\",\"on\",\"once\",\"one\",\"ones\",\"only\",\"onto\",\"or\",\"other\",\"others\",\"otherwise\",\"ought\",\"our\",\"ours\",\"ourselves\",\"out\",\"outside\",\"over\",\"overall\",\"own\",\"p\",\"particular\",\"particularly\",\"per\",\"perhaps\",\"placed\",\"please\",\"plus\",\"possible\",\"presumably\",\"probably\",\"provides\",\"q\",\"que\",\"quite\",\"qv\",\"r\",\"rather\",\"rd\",\"re\",\"really\",\"reasonably\",\"regarding\",\"regardless\",\"regards\",\"relatively\",\"respectively\",\"right\",\"s\",\"said\",\"same\",\"saw\",\"say\",\"saying\",\"says\",\"second\",\"secondly\",\"see\",\"seeing\",\"seem\",\"seemed\",\"seeming\",\"seems\",\"seen\",\"self\",\"selves\",\"sensible\",\"sent\",\"serious\",\"seriously\",\"seven\",\"several\",\"shall\",\"she\",\"should\",\"shouldn't\",\"since\",\"six\",\"so\",\"some\",\"somebody\",\"somehow\",\"someone\",\"something\",\"sometime\",\"sometimes\",\"somewhat\",\"somewhere\",\"soon\",\"sorry\",\"specified\",\"specify\",\"specifying\",\"still\",\"sub\",\"such\",\"sup\",\"sure\",\"t\",\"t's\",\"take\",\"taken\",\"tell\",\"tends\",\"th\",\"than\",\"thank\",\"thanks\",\"thanx\",\"that\",\"that's\",\"thats\",\"the\",\"their\",\"theirs\",\"them\",\"themselves\",\"then\",\"thence\",\"there\",\"there's\",\"thereafter\",\"thereby\",\"therefore\",\"therein\",\"theres\",\"thereupon\",\"these\",\"they\",\"they'd\",\"they'll\",\"they're\",\"they've\",\"think\",\"third\",\"this\",\"thorough\",\"thoroughly\",\"those\",\"though\",\"three\",\"through\",\"throughout\",\"thru\",\"thus\",\"to\",\"together\",\"too\",\"took\",\"toward\",\"towards\",\"tried\",\"tries\",\"truly\",\"try\",\"trying\",\"twice\",\"two\",\"u\",\"un\",\"under\",\"unfortunately\",\"unless\",\"unlikely\",\"until\",\"unto\",\"up\",\"upon\",\"us\",\"use\",\"used\",\"useful\",\"uses\",\"using\",\"usually\",\"uucp\",\"v\",\"value\",\"various\",\"very\",\"via\",\"viz\",\"vs\",\"w\",\"want\",\"wants\",\"was\",\"wasn't\",\"way\",\"we\",\"we'd\",\"we'll\",\"we're\",\"we've\",\"welcome\",\"well\",\"went\",\"were\",\"weren't\",\"what\",\"what's\",\"whatever\",\"when\",\"whence\",\"whenever\",\"where\",\"where's\",\"whereafter\",\"whereas\",\"whereby\",\"wherein\",\"whereupon\",\"wherever\",\"whether\",\"which\",\"while\",\"whither\",\"who\",\"who's\",\"whoever\",\"whole\",\"whom\",\"whose\",\"why\",\"will\",\"willing\",\"wish\",\"with\",\"within\",\"without\",\"won't\",\"wonder\",\"would\",\"would\",\"wouldn't\",\"x\",\"y\",\"yes\",\"yet\",\"you\",\"you'd\",\"you'll\",\"you're\",\"you've\",\"your\",\"yours\",\"yourself\",\"yourselves\",\"z\",\"zero\"];","","STOPWORDS.ES = [\"él\",\"ésta\",\"éstas\",\"éste\",\"éstos\",\"última\",\"últimas\",\"último\",\"últimos\",\"a\",\"añadió\",\"aún\",\"actualmente\",\"adelante\",\"además\",\"afirmó\",\"agregó\",\"ahí\",\"ahora\",\"al\",\"algún\",\"algo\",\"alguna\",\"algunas\",\"alguno\",\"algunos\",\"alrededor\",\"ambos\",\"ante\",\"anterior\",\"antes\",\"apenas\",\"aproximadamente\",\"aquí\",\"así\",\"aseguró\",\"aunque\",\"ayer\",\"bajo\",\"bien\",\"buen\",\"buena\",\"buenas\",\"bueno\",\"buenos\",\"cómo\",\"cada\",\"casi\",\"cerca\",\"cierto\",\"cinco\",\"comentó\",\"como\",\"con\",\"conocer\",\"consideró\",\"considera\",\"contra\",\"cosas\",\"creo\",\"cual\",\"cuales\",\"cualquier\",\"cuando\",\"cuanto\",\"cuatro\",\"cuenta\",\"da\",\"dado\",\"dan\",\"dar\",\"de\",\"debe\",\"deben\",\"debido\",\"decir\",\"dejó\",\"del\",\"demás\",\"dentro\",\"desde\",\"después\",\"dice\",\"dicen\",\"dicho\",\"dieron\",\"diferente\",\"diferentes\",\"dijeron\",\"dijo\",\"dio\",\"donde\",\"dos\",\"durante\",\"e\",\"ejemplo\",\"el\",\"ella\",\"ellas\",\"ello\",\"ellos\",\"embargo\",\"en\",\"encuentra\",\"entonces\",\"entre\",\"era\",\"eran\",\"es\",\"esa\",\"esas\",\"ese\",\"eso\",\"esos\",\"está\",\"están\",\"esta\",\"estaba\",\"estaban\",\"estamos\",\"estar\",\"estará\",\"estas\",\"este\",\"esto\",\"estos\",\"estoy\",\"estuvo\",\"ex\",\"existe\",\"existen\",\"explicó\",\"expresó\",\"fin\",\"fue\",\"fuera\",\"fueron\",\"gran\",\"grandes\",\"ha\",\"había\",\"habían\",\"haber\",\"habrá\",\"hace\",\"hacen\",\"hacer\",\"hacerlo\",\"hacia\",\"haciendo\",\"han\",\"hasta\",\"hay\",\"haya\",\"he\",\"hecho\",\"hemos\",\"hicieron\",\"hizo\",\"hoy\",\"hubo\",\"igual\",\"incluso\",\"indicó\",\"informó\",\"junto\",\"la\",\"lado\",\"las\",\"le\",\"les\",\"llegó\",\"lleva\",\"llevar\",\"lo\",\"los\",\"luego\",\"lugar\",\"más\",\"manera\",\"manifestó\",\"mayor\",\"me\",\"mediante\",\"mejor\",\"mencionó\",\"menos\",\"mi\",\"mientras\",\"misma\",\"mismas\",\"mismo\",\"mismos\",\"momento\",\"mucha\",\"muchas\",\"mucho\",\"muchos\",\"muy\",\"nada\",\"nadie\",\"ni\",\"ningún\",\"ninguna\",\"ningunas\",\"ninguno\",\"ningunos\",\"no\",\"nos\",\"nosotras\",\"nosotros\",\"nuestra\",\"nuestras\",\"nuestro\",\"nuestros\",\"nueva\",\"nuevas\",\"nuevo\",\"nuevos\",\"nunca\",\"o\",\"ocho\",\"otra\",\"otras\",\"otro\",\"otros\",\"para\",\"parece\",\"parte\",\"partir\",\"pasada\",\"pasado\",\"pero\",\"pesar\",\"poca\",\"pocas\",\"poco\",\"pocos\",\"podemos\",\"podrá\",\"podrán\",\"podría\",\"podrían\",\"poner\",\"por\",\"porque\",\"posible\",\"próximo\",\"próximos\",\"primer\",\"primera\",\"primero\",\"primeros\",\"principalmente\",\"propia\",\"propias\",\"propio\",\"propios\",\"pudo\",\"pueda\",\"puede\",\"pueden\",\"pues\",\"qué\",\"que\",\"quedó\",\"queremos\",\"quién\",\"quien\",\"quienes\",\"quiere\",\"realizó\",\"realizado\",\"realizar\",\"respecto\",\"sí\",\"sólo\",\"se\",\"señaló\",\"sea\",\"sean\",\"según\",\"segunda\",\"segundo\",\"seis\",\"ser\",\"será\",\"serán\",\"sería\",\"si\",\"sido\",\"siempre\",\"siendo\",\"siete\",\"sigue\",\"siguiente\",\"sin\",\"sino\",\"sobre\",\"sola\",\"solamente\",\"solas\",\"solo\",\"solos\",\"son\",\"su\",\"sus\",\"tal\",\"también\",\"tampoco\",\"tan\",\"tanto\",\"tenía\",\"tendrá\",\"tendrán\",\"tenemos\",\"tener\",\"tenga\",\"tengo\",\"tenido\",\"tercera\",\"tiene\",\"tienen\",\"toda\",\"todas\",\"todavía\",\"todo\",\"todos\",\"total\",\"tras\",\"trata\",\"través\",\"tres\",\"tuvo\",\"un\",\"una\",\"unas\",\"uno\",\"unos\",\"usted\",\"va\",\"vamos\",\"van\",\"varias\",\"varios\",\"veces\",\"ver\",\"vez\",\"y\",\"ya\",\"yo\"];","","STOPWORDS.IT = [\"a\",\"abbastanza\",\"accidenti\",\"ad\",\"adesso\",\"affinche\",\"agli\",\"ahime\",\"ahimÃ¨\",\"ai\",\"al\",\"alcuna\",\"alcuni\",\"alcuno\",\"all\",\"alla\",\"alle\",\"allo\",\"altri\",\"altrimenti\",\"altro\",\"altrui\",\"anche\",\"ancora\",\"anni\",\"anno\",\"ansa\",\"assai\",\"attesa\",\"avanti\",\"avendo\",\"avente\",\"aver\",\"avere\",\"avete\",\"aveva\",\"avuta\",\"avute\",\"avuti\",\"avuto\",\"basta\",\"bene\",\"benissimo\",\"berlusconi\",\"brava\",\"bravo\",\"c\",\"casa\",\"caso\",\"cento\",\"certa\",\"certe\",\"certi\",\"certo\",\"che\",\"chi\",\"chicchessia\",\"chiunque\",\"ci\",\"ciascuna\",\"ciascuno\",\"cima\",\"cio\",\"ciÃ²\",\"cioe\",\"cioÃ¨\",\"circa\",\"citta\",\"cittÃ \",\"codesta\",\"codesti\",\"codesto\",\"cogli\",\"coi\",\"col\",\"colei\",\"coll\",\"coloro\",\"colui\",\"come\",\"con\",\"concernente\",\"consiglio\",\"contro\",\"cortesia\",\"cos\",\"cosa\",\"cosi\",\"cosÃ¬\",\"cui\",\"d\",\"da\",\"dagli\",\"dai\",\"dal\",\"dall\",\"dalla\",\"dalle\",\"dallo\",\"davanti\",\"degli\",\"dei\",\"del\",\"dell\",\"della\",\"delle\",\"dello\",\"dentro\",\"detto\",\"deve\",\"di\",\"dice\",\"dietro\",\"dire\",\"dirimpetto\",\"dopo\",\"dove\",\"dovra\",\"dovrÃ \",\"due\",\"dunque\",\"durante\",\"e\",\"Ã¨\",\"ecco\",\"ed\",\"egli\",\"ella\",\"eppure\",\"era\",\"erano\",\"esse\",\"essendo\",\"esser\",\"essere\",\"essi\",\"ex\",\"fa\",\"fare\",\"fatto\",\"favore\",\"fin\",\"finalmente\",\"finche\",\"fine\",\"fino\",\"forse\",\"fra\",\"fuori\",\"gia\",\"giÃ \",\"giacche\",\"giorni\",\"giorno\",\"gli\",\"gliela\",\"gliele\",\"glieli\",\"glielo\",\"gliene\",\"governo\",\"grande\",\"grazie\",\"gruppo\",\"ha\",\"hai\",\"hanno\",\"ho\",\"i\",\"ieri\",\"il\",\"improvviso\",\"in\",\"infatti\",\"insieme\",\"intanto\",\"intorno\",\"invece\",\"io\",\"l\",\"la\",\"lÃ \",\"lavoro\",\"le\",\"lei\",\"li\",\"lo\",\"lontano\",\"loro\",\"lui\",\"lungo\",\"ma\",\"macche\",\"magari\",\"mai\",\"male\",\"malgrado\",\"malissimo\",\"me\",\"medesimo\",\"mediante\",\"meglio\",\"meno\",\"mentre\",\"mesi\",\"mezzo\",\"mi\",\"mia\",\"mie\",\"miei\",\"mila\",\"miliardi\",\"milioni\",\"ministro\",\"mio\",\"moltissimo\",\"molto\",\"mondo\",\"nazionale\",\"ne\",\"negli\",\"nei\",\"nel\",\"nell\",\"nella\",\"nelle\",\"nello\",\"nemmeno\",\"neppure\",\"nessuna\",\"nessuno\",\"niente\",\"no\",\"noi\",\"non\",\"nondimeno\",\"nostra\",\"nostre\",\"nostri\",\"nostro\",\"nulla\",\"nuovo\",\"o\",\"od\",\"oggi\",\"ogni\",\"ognuna\",\"ognuno\",\"oltre\",\"oppure\",\"ora\",\"ore\",\"osi\",\"ossia\",\"paese\",\"parecchi\",\"parecchie\",\"parecchio\",\"parte\",\"partendo\",\"peccato\",\"peggio\",\"per\",\"perche\",\"perchÃ¨\",\"percio\",\"perciÃ²\",\"perfino\",\"pero\",\"perÃ²\",\"persone\",\"piedi\",\"pieno\",\"piglia\",\"piu\",\"piÃ¹\",\"po\",\"pochissimo\",\"poco\",\"poi\",\"poiche\",\"press\",\"prima\",\"primo\",\"proprio\",\"puo\",\"puÃ²\",\"pure\",\"purtroppo\",\"qualche\",\"qualcuna\",\"qualcuno\",\"quale\",\"quali\",\"qualunque\",\"quando\",\"quanta\",\"quante\",\"quanti\",\"quanto\",\"quantunque\",\"quasi\",\"quattro\",\"quel\",\"quella\",\"quelli\",\"quello\",\"quest\",\"questa\",\"queste\",\"questi\",\"questo\",\"qui\",\"quindi\",\"riecco\",\"salvo\",\"sara\",\"sarÃ \",\"sarebbe\",\"scopo\",\"scorso\",\"se\",\"secondo\",\"seguente\",\"sei\",\"sempre\",\"senza\",\"si\",\"sia\",\"siamo\",\"siete\",\"solito\",\"solo\",\"sono\",\"sopra\",\"sotto\",\"sta\",\"staranno\",\"stata\",\"state\",\"stati\",\"stato\",\"stesso\",\"su\",\"sua\",\"successivo\",\"sue\",\"sugli\",\"sui\",\"sul\",\"sull\",\"sulla\",\"sulle\",\"sullo\",\"suo\",\"suoi\",\"tale\",\"talvolta\",\"tanto\",\"te\",\"tempo\",\"ti\",\"torino\",\"tra\",\"tranne\",\"tre\",\"troppo\",\"tu\",\"tua\",\"tue\",\"tuo\",\"tuoi\",\"tutta\",\"tuttavia\",\"tutte\",\"tutti\",\"tutto\",\"uguali\",\"un\",\"una\",\"uno\",\"uomo\",\"va\",\"vale\",\"varia\",\"varie\",\"vario\",\"verso\",\"vi\",\"via\",\"vicino\",\"visto\",\"vita\",\"voi\",\"volta\",\"vostra\",\"vostre\",\"vostri\",\"vostro\"];","","","// EXPORTS //","","module.exports = exports = STOPWORDS;",""],"l":{"5":1,"7":1,"9":1,"11":1,"13":1,"18":1}}}